2020-02-14 08:32:58,292 - Training Data - INFO - loading netcdf
2020-02-14 08:32:58,764 - Training Data - INFO - Creating images for dataset 24-03-2018
2020-02-14 08:33:00,306 - Training Data - INFO - + Creating rectangles for 7 eddies
2020-02-14 08:33:00,307 - Training Data - INFO - +++ Creating rectangles for anticyclone with center (-38.416668, 49.166668) and diameter 58.08984071163399
2020-02-14 08:33:00,309 - Training Data - INFO - +++ Argmin center -> lon: -38.83333206176758, Center lat: 49.5
2020-02-14 08:33:22,521 - Training Data - INFO - +++++ Saving image 0 as an eddy
2020-02-14 08:33:22,523 - Training Data - INFO - +++ Creating rectangles for anticyclone with center (-37.166668, 51.416668) and diameter 36.00221664128895
2020-02-14 08:33:22,525 - Training Data - INFO - +++ Argmin center -> lon: -37.16666793823242, Center lat: 51.5
2020-02-14 08:33:28,456 - Training Data - INFO - +++++ Saving image 1 as an eddy
2020-02-14 08:33:28,457 - Training Data - INFO - +++ Creating rectangles for cyclone with center (-39.75, 45.416668) and diameter 42.958908057592446
2020-02-14 08:33:28,464 - Training Data - INFO - +++ Argmax center -> lon: -39.83333206176758, Center lat: 45.41666793823242
2020-02-14 08:33:31,404 - Training Data - INFO - +++++ Discarding image 2
2020-02-14 08:33:31,404 - Training Data - INFO - +++ Creating rectangles for anticyclone with center (-34.583332, 50.916668) and diameter 52.453345913047706
2020-02-14 08:33:31,406 - Training Data - INFO - +++ Argmin center -> lon: -34.41666793823242, Center lat: 51.08333206176758
2020-02-14 08:33:34,877 - Training Data - INFO - +++++ Discarding image 3
2020-02-14 08:33:34,877 - Training Data - INFO - +++ Creating rectangles for anticyclone with center (-31.583334, 50.416668) and diameter 22.10664743559144
2020-02-14 08:33:34,879 - Training Data - INFO - +++ Argmin center -> lon: -31.58333396911621, Center lat: 50.5
2020-02-14 08:33:36,588 - Training Data - INFO - +++++ Discarding image 4
2020-02-14 08:33:36,589 - Training Data - INFO - +++ Creating rectangles for anticyclone with center (-38.25, 46.916668) and diameter 25.930485457668507
2020-02-14 08:33:36,590 - Training Data - INFO - +++ Argmin center -> lon: -38.08333206176758, Center lat: 47.08333206176758
2020-02-14 08:33:42,359 - Training Data - INFO - +++++ Discarding image 5
2020-02-14 08:33:42,360 - Training Data - INFO - +++ Creating rectangles for anticyclone with center (-41.416668, 47.833332) and diameter 81.86962353991531
2020-02-14 08:33:42,363 - Training Data - INFO - +++ Argmin center -> lon: -41.58333206176758, Center lat: 47.75
2020-02-14 08:33:45,972 - Training Data - INFO - +++++ Saving image 6 as an eddy
2020-02-14 08:33:48,332 - Training Data - INFO - +++++ Saving noneddy
2020-02-14 08:33:50,372 - Training Data - INFO - +++++ Saving noneddy
2020-02-14 08:33:56,604 - Training Data - INFO - +++++ Saving noneddy
2020-02-14 08:33:56,604 - Training Data - INFO - Compressing and storing training data so far
2020-02-14 08:33:56,614 - Training Data - INFO - Creating images for dataset 18-04-2018
2020-02-14 08:33:58,118 - Training Data - INFO - + Creating rectangles for 4 eddies
2020-02-14 08:33:58,118 - Training Data - INFO - +++ Creating rectangles for anticyclone with center (-38.75, 48.833332) and diameter 44.96170717182562
2020-02-14 08:33:58,123 - Training Data - INFO - +++ Argmin center -> lon: -38.33333206176758, Center lat: 49.0
2020-02-14 08:34:03,408 - Training Data - INFO - +++++ Discarding image 0
2020-02-14 08:34:03,408 - Training Data - INFO - +++ Creating rectangles for anticyclone with center (-31.083334, 50.583332) and diameter 64.16155555937132
2020-02-14 08:34:03,411 - Training Data - INFO - +++ Argmin center -> lon: -31.16666603088379, Center lat: 50.58333206176758
2020-02-14 08:34:05,341 - Training Data - INFO - +++++ Saving image 1 as an eddy
2020-02-14 08:34:05,342 - Training Data - INFO - +++ Creating rectangles for anticyclone with center (-28.333334, 52.416668) and diameter 47.026883395961704
2020-02-14 08:34:05,344 - Training Data - INFO - +++ Argmin center -> lon: -28.75, Center lat: 52.33333206176758
2020-02-14 08:34:07,413 - Training Data - INFO - +++++ Saving image 2 as an eddy
2020-02-14 08:34:07,414 - Training Data - INFO - +++ Creating rectangles for cyclone with center (-37.916668, 47.5) and diameter 84.20409586612188
2020-02-14 08:34:07,417 - Training Data - INFO - +++ Argmax center -> lon: -38.5, Center lat: 47.0
2020-02-14 08:34:11,900 - Training Data - INFO - +++++ Discarding image 3
2020-02-14 08:34:15,005 - Training Data - INFO - +++++ Saving noneddy
2020-02-14 08:34:17,923 - Training Data - INFO - +++++ Saving noneddy
2020-02-14 08:34:17,924 - Training Data - INFO - Compressing and storing training data so far
2020-02-14 08:34:17,936 - Training Data - INFO - Creating images for dataset 11-04-2018
2020-02-14 08:34:19,304 - Training Data - INFO - + Creating rectangles for 8 eddies
2020-02-14 08:34:19,304 - Training Data - INFO - +++ Creating rectangles for anticyclone with center (-31.333334, 50.5) and diameter 23.61996939620033
2020-02-14 08:34:19,305 - Training Data - INFO - +++ Argmin center -> lon: -31.33333396911621, Center lat: 50.5
2020-02-14 08:34:33,253 - Training Data - INFO - +++++ Discarding image 0
2020-02-14 08:34:33,254 - Training Data - INFO - +++ Creating rectangles for cyclone with center (-29.583334, 50.416668) and diameter 30.097696437015287
2020-02-14 08:34:33,255 - Training Data - INFO - +++ Argmax center -> lon: -29.75, Center lat: 50.41666793823242
