2020-02-14 08:30:14,514 - Training Data - INFO - loading netcdf
2020-02-14 08:30:14,988 - Training Data - INFO - Creating images for dataset 13-05-2018
2020-02-14 08:30:16,459 - Training Data - INFO - + Creating rectangles for 7 eddies
2020-02-14 08:30:16,460 - Training Data - INFO - +++ Creating rectangles for anticyclone with center (-40.666668, 46.583332) and diameter 56.92720288156671
2020-02-14 08:30:16,462 - Training Data - INFO - +++ Argmin center -> lon: -40.83333206176758, Center lat: 46.75
2020-02-14 08:30:34,482 - Training Data - INFO - +++++ Saving image 0 as an eddy
2020-02-14 08:30:34,483 - Training Data - INFO - +++ Creating rectangles for cyclone with center (-39.333332, 50.25) and diameter 22.153681962103242
2020-02-14 08:30:34,492 - Training Data - INFO - +++ Argmax center -> lon: -39.41666793823242, Center lat: 50.16666793823242
2020-02-14 08:30:42,287 - Training Data - INFO - +++++ Discarding image 1
2020-02-14 08:30:42,288 - Training Data - INFO - +++ Creating rectangles for cyclone with center (-40.75, 45.666668) and diameter 44.61651484840453
2020-02-14 08:30:42,293 - Training Data - INFO - +++ Argmax center -> lon: -40.66666793823242, Center lat: 45.66666793823242
2020-02-14 08:30:50,196 - Training Data - INFO - +++++ Saving image 2 as an eddy
2020-02-14 08:30:50,197 - Training Data - INFO - +++ Creating rectangles for anticyclone with center (-33.333332, 47.583332) and diameter 35.45832287566985
2020-02-14 08:30:50,198 - Training Data - INFO - +++ Argmin center -> lon: -33.58333206176758, Center lat: 47.75
2020-02-14 08:30:52,241 - Training Data - INFO - +++++ Discarding image 3
2020-02-14 08:30:52,241 - Training Data - INFO - +++ Creating rectangles for cyclone with center (-38.5, 48.75) and diameter 51.693208425019606
2020-02-14 08:30:52,255 - Training Data - INFO - +++ Argmax center -> lon: -34.16666793823242, Center lat: 49.0
2020-02-14 08:30:54,040 - Training Data - INFO - +++++ Discarding image 4
2020-02-14 08:30:54,040 - Training Data - INFO - +++ Creating rectangles for anticyclone with center (-37.5, 52.25) and diameter 29.516947672515165
2020-02-14 08:30:54,042 - Training Data - INFO - +++ Argmin center -> lon: -37.58333206176758, Center lat: 52.41666793823242
2020-02-14 08:31:07,346 - Training Data - INFO - +++++ Discarding image 5
2020-02-14 08:31:07,346 - Training Data - INFO - +++ Creating rectangles for anticyclone with center (-35.75, 50.333332) and diameter 31.29292371690113
2020-02-14 08:31:07,347 - Training Data - INFO - +++ Argmin center -> lon: -35.75, Center lat: 50.33333206176758
2020-02-14 08:31:12,097 - Training Data - INFO - +++++ Discarding image 6
2020-02-14 08:31:16,858 - Training Data - INFO - +++++ Saving noneddy
2020-02-14 08:31:20,792 - Training Data - INFO - +++++ Saving noneddy
2020-02-14 08:31:20,792 - Training Data - INFO - Compressing and storing training data so far
