2020-02-24 22:05:11,942 - Training Data - INFO - loading netcdf
2020-02-24 22:05:12,581 - Training Data - INFO - Creating images for dataset 29-06-2016
2020-02-24 22:05:15,901 - Training Data - INFO - + Creating rectangles for 13 eddies
2020-02-24 22:05:15,902 - Training Data - INFO - +++ Creating rectangles for cyclone with center (-36.0, 49.25) and diameter 91.39275170786117
2020-02-24 22:06:09,667 - Training Data - INFO - +++ Decreasing latitude by 1 cell in both directions to (46:56)
2020-02-24 22:06:11,046 - Training Data - INFO - +++ Decreasing latitude by 1 cell in both directions to (47:55)
2020-02-24 22:06:12,818 - Training Data - INFO - +++ Decreasing lontitude by 1 cell in both directions to (61:83)
2020-02-24 22:06:14,009 - Training Data - INFO - +++ Decreasing lontitude by 1 cell in both directions to (62:82)
2020-02-24 22:06:15,693 - Training Data - INFO - +++ Centering eddy towards a minima/maxima depending on eddy type
2020-02-24 22:06:15,693 - Training Data - INFO - +++ Argmax center -> lon: -36.08333206176758, Center lat: 49.25
2020-02-24 22:06:20,709 - Training Data - INFO - +++ Decreasing latitude by 1 cell in both directions to (48:54)
2020-02-24 22:06:21,869 - Training Data - INFO - +++ Decreasing lontitude by 1 cell in both directions to (62:80)
2020-02-24 22:06:22,711 - Training Data - INFO - +++ Decreasing lontitude by 1 cell in both directions to (63:79)
2020-02-24 22:06:25,672 - Training Data - INFO - +++++ Saving image 0 as an eddy
2020-02-24 22:06:25,673 - Training Data - INFO - +++ Creating rectangles for anticyclone with center (-22.833334, 46.583332) and diameter 65.05400469293937
2020-02-24 22:06:27,883 - Training Data - INFO - +++ Centering eddy towards a minima/maxima depending on eddy type
2020-02-24 22:06:27,883 - Training Data - INFO - +++ Argmin center -> lon: -22.66666603088379, Center lat: 46.33333206176758
2020-02-24 22:06:36,942 - Training Data - INFO - +++ Centering eddy towards a minima/maxima depending on eddy type
2020-02-24 22:06:36,943 - Training Data - INFO - +++ Argmin center -> lon: -22.66666603088379, Center lat: 46.33333206176758
2020-02-24 22:06:39,537 - Training Data - INFO - +++++ Discarding image 1
2020-02-24 22:06:39,538 - Training Data - INFO - +++ Creating rectangles for cyclone with center (-35.583332, 45.0) and diameter 48.1492390763596
2020-02-24 22:06:43,124 - Training Data - INFO - +++ Centering eddy towards a minima/maxima depending on eddy type
2020-02-24 22:06:43,124 - Training Data - INFO - +++ Argmax center -> lon: -36.08333206176758, Center lat: 45.25
2020-02-24 22:06:45,088 - Training Data - INFO - +++ Centering eddy towards a minima/maxima depending on eddy type
2020-02-24 22:06:45,088 - Training Data - INFO - +++ Argmax center -> lon: -36.41666793823242, Center lat: 45.33333206176758
2020-02-24 22:06:47,044 - Training Data - INFO - +++ Centering eddy towards a minima/maxima depending on eddy type
2020-02-24 22:06:47,045 - Training Data - INFO - +++ Argmax center -> lon: -36.41666793823242, Center lat: 45.41666793823242
2020-02-24 22:06:50,055 - Training Data - INFO - +++ Centering eddy towards a minima/maxima depending on eddy type
2020-02-24 22:06:50,055 - Training Data - INFO - +++ Argmax center -> lon: -36.5, Center lat: 45.5
2020-02-24 22:06:52,332 - Training Data - INFO - +++ Centering eddy towards a minima/maxima depending on eddy type
2020-02-24 22:06:52,333 - Training Data - INFO - +++ Argmax center -> lon: -36.58333206176758, Center lat: 45.58333206176758
2020-02-24 22:06:55,770 - Training Data - INFO - +++++ Discarding image 2
2020-02-24 22:06:55,771 - Training Data - INFO - +++ Creating rectangles for cyclone with center (-41.5, 49.75) and diameter 98.77186360355248
2020-02-24 22:06:58,328 - Training Data - INFO - +++ Centering eddy towards a minima/maxima depending on eddy type
2020-02-24 22:06:58,328 - Training Data - INFO - +++ Argmax center -> lon: -41.5, Center lat: 49.58333206176758
2020-02-24 22:07:01,921 - Training Data - INFO - +++++ Saving image 3 as an eddy
2020-02-24 22:07:01,922 - Training Data - INFO - +++ Creating rectangles for anticyclone with center (-35.25, 50.583332) and diameter 84.27783636027759
2020-02-24 22:07:04,061 - Training Data - INFO - +++ Centering eddy towards a minima/maxima depending on eddy type
2020-02-24 22:07:04,062 - Training Data - INFO - +++ Argmin center -> lon: -35.75, Center lat: 50.58333206176758
2020-02-24 22:07:07,422 - Training Data - INFO - +++++ Saving image 4 as an eddy
2020-02-24 22:07:07,423 - Training Data - INFO - +++ Creating rectangles for cyclone with center (-38.75, 51.25) and diameter 89.6830331475447
2020-02-24 22:07:09,792 - Training Data - INFO - +++ Centering eddy towards a minima/maxima depending on eddy type
2020-02-24 22:07:09,793 - Training Data - INFO - +++ Argmax center -> lon: -38.91666793823242, Center lat: 51.25
2020-02-24 22:07:18,023 - Training Data - INFO - +++++ Discarding image 5
2020-02-24 22:07:18,024 - Training Data - INFO - +++ Creating rectangles for cyclone with center (-36.25, 45.916668) and diameter 50.840432746153226
2020-02-24 22:07:20,842 - Training Data - INFO - +++ Centering eddy towards a minima/maxima depending on eddy type
2020-02-24 22:07:20,843 - Training Data - INFO - +++ Argmax center -> lon: -36.75, Center lat: 46.16666793823242
2020-02-24 22:07:24,444 - Training Data - INFO - +++++ Discarding image 6
2020-02-24 22:07:24,445 - Training Data - INFO - +++ Creating rectangles for anticyclone with center (-30.0, 50.583332) and diameter 25.019938490842996
2020-02-24 22:07:27,380 - Training Data - INFO - +++ Centering eddy towards a minima/maxima depending on eddy type
2020-02-24 22:07:27,381 - Training Data - INFO - +++ Argmin center -> lon: -30.08333396911621, Center lat: 50.5
2020-02-24 22:07:30,505 - Training Data - INFO - +++ Centering eddy towards a minima/maxima depending on eddy type
2020-02-24 22:07:30,506 - Training Data - INFO - +++ Argmin center -> lon: -30.16666603088379, Center lat: 50.58333206176758
2020-02-24 22:07:33,578 - Training Data - INFO - +++ Centering eddy towards a minima/maxima depending on eddy type
2020-02-24 22:07:33,579 - Training Data - INFO - +++ Argmin center -> lon: -30.25, Center lat: 50.58333206176758
2020-02-24 22:07:37,503 - Training Data - INFO - +++ Increasing lontitude by 1 cell in both directions to (139:143)
2020-02-24 22:07:38,441 - Training Data - INFO - +++ Increasing latitude by 1 cell in both directions to (65:69)
2020-02-24 22:07:39,534 - Training Data - INFO - +++ Increasing lontitude by 1 cell in both directions to (138:144)
2020-02-24 22:07:40,685 - Training Data - INFO - +++ Increasing latitude by 1 cell in both directions to (64:70)
2020-02-24 22:07:43,522 - Training Data - INFO - +++ Increasing lontitude by 1 cell in both directions to (137:145)
2020-02-24 22:07:46,581 - Training Data - INFO - +++++ Saving image 7 as an eddy
2020-02-24 22:07:46,583 - Training Data - INFO - +++ Creating rectangles for anticyclone with center (-40.666668, 46.916668) and diameter 90.89478427964606
2020-02-24 22:07:49,286 - Training Data - INFO - +++ Centering eddy towards a minima/maxima depending on eddy type
2020-02-24 22:07:49,287 - Training Data - INFO - +++ Argmin center -> lon: -41.16666793823242, Center lat: 47.25
2020-02-24 22:08:31,308 - Training Data - INFO - +++++ Saving image 8 as an eddy
2020-02-24 22:08:31,310 - Training Data - INFO - +++ Creating rectangles for anticyclone with center (-24.833334, 56.583332) and diameter 52.74726306055567
2020-02-24 22:08:33,818 - Training Data - INFO - +++ Centering eddy towards a minima/maxima depending on eddy type
2020-02-24 22:08:33,819 - Training Data - INFO - +++ Argmin center -> lon: -25.08333396911621, Center lat: 56.33333206176758
2020-02-24 22:08:35,595 - Training Data - INFO - +++ Centering eddy towards a minima/maxima depending on eddy type
2020-02-24 22:08:35,596 - Training Data - INFO - +++ Argmin center -> lon: -25.33333396911621, Center lat: 56.16666793823242
2020-02-24 22:08:37,370 - Training Data - INFO - +++ Centering eddy towards a minima/maxima depending on eddy type
2020-02-24 22:08:37,371 - Training Data - INFO - +++ Argmin center -> lon: -25.58333396911621, Center lat: 56.08333206176758
2020-02-24 22:08:39,225 - Training Data - INFO - +++ Centering eddy towards a minima/maxima depending on eddy type
2020-02-24 22:08:39,225 - Training Data - INFO - +++ Argmin center -> lon: -25.83333396911621, Center lat: 55.83333206176758
2020-02-24 22:08:41,356 - Training Data - INFO - +++ Centering eddy towards a minima/maxima depending on eddy type
2020-02-24 22:08:41,357 - Training Data - INFO - +++ Argmin center -> lon: -26.08333396911621, Center lat: 55.58333206176758
2020-02-24 22:08:54,125 - Training Data - INFO - +++++ Discarding image 9
2020-02-24 22:08:54,127 - Training Data - INFO - +++ Creating rectangles for anticyclone with center (-34.0, 51.333332) and diameter 98.4596085962587
2020-02-24 22:08:58,241 - Training Data - INFO - +++ Centering eddy towards a minima/maxima depending on eddy type
2020-02-24 22:08:58,242 - Training Data - INFO - +++ Argmin center -> lon: -34.08333206176758, Center lat: 51.41666793823242
2020-02-24 22:10:43,140 - Training Data - INFO - +++ Decreasing lontitude by 1 cell in both directions to (82:108)
2020-02-24 22:10:48,876 - Training Data - INFO - +++ Decreasing lontitude by 1 cell in both directions to (83:107)
2020-02-24 22:10:49,852 - Training Data - INFO - +++ Decreasing lontitude by 1 cell in both directions to (84:106)
2020-02-24 22:10:50,830 - Training Data - INFO - +++ Decreasing lontitude by 1 cell in both directions to (85:105)
2020-02-24 22:10:52,415 - Training Data - INFO - +++ Decreasing latitude by 1 cell in both directions to (72:82)
2020-02-24 22:10:53,617 - Training Data - INFO - +++ Decreasing latitude by 1 cell in both directions to (73:81)
2020-02-24 22:10:54,756 - Training Data - INFO - +++ Decreasing latitude by 1 cell in both directions to (74:80)
2020-02-24 22:11:01,200 - Training Data - INFO - +++ Decreasing latitude by 1 cell in both directions to (75:79)
2020-02-24 22:11:02,914 - Training Data - INFO - +++ Centering eddy towards a minima/maxima depending on eddy type
2020-02-24 22:11:02,916 - Training Data - INFO - +++ Argmin center -> lon: -34.08333206176758, Center lat: 51.41666793823242
2020-02-24 22:11:08,853 - Training Data - INFO - +++ Decreasing lontitude by 1 cell in both directions to (86:104)
2020-02-24 22:11:13,589 - Training Data - INFO - +++++ Saving image 10 as an eddy
2020-02-24 22:11:13,590 - Training Data - INFO - +++ Creating rectangles for anticyclone with center (-38.25, 47.5) and diameter 67.0613012550948
2020-02-24 22:12:00,265 - Training Data - INFO - +++ Centering eddy towards a minima/maxima depending on eddy type
2020-02-24 22:12:00,267 - Training Data - INFO - +++ Argmin center -> lon: -38.16666793823242, Center lat: 47.83333206176758
2020-02-24 22:12:04,494 - Training Data - INFO - +++ Centering eddy towards a minima/maxima depending on eddy type
2020-02-24 22:12:04,496 - Training Data - INFO - +++ Argmin center -> lon: -37.91666793823242, Center lat: 48.16666793823242
2020-02-24 22:12:06,472 - Training Data - INFO - +++ Centering eddy towards a minima/maxima depending on eddy type
2020-02-24 22:12:06,473 - Training Data - INFO - +++ Argmin center -> lon: -37.66666793823242, Center lat: 48.41666793823242
2020-02-24 22:12:08,378 - Training Data - INFO - +++ Centering eddy towards a minima/maxima depending on eddy type
2020-02-24 22:12:08,380 - Training Data - INFO - +++ Argmin center -> lon: -37.66666793823242, Center lat: 48.41666793823242
2020-02-24 22:12:10,585 - Training Data - INFO - +++ Increasing lontitude by 1 cell in both directions to (46:58)
2020-02-24 22:12:13,675 - Training Data - INFO - +++ Increasing latitude by 1 cell in both directions to (36:46)
2020-02-24 22:12:16,219 - Training Data - INFO - +++ Increasing latitude by 1 cell in both directions to (35:47)
2020-02-24 22:12:19,645 - Training Data - INFO - +++++ Saving image 11 as an eddy
2020-02-24 22:12:19,647 - Training Data - INFO - +++ Creating rectangles for anticyclone with center (-37.333332, 48.583332) and diameter 72.75026600027533
2020-02-24 22:12:22,055 - Training Data - INFO - +++ Centering eddy towards a minima/maxima depending on eddy type
2020-02-24 22:12:22,057 - Training Data - INFO - +++ Argmin center -> lon: -37.66666793823242, Center lat: 48.41666793823242
2020-02-24 22:12:26,338 - Training Data - INFO - +++ Decreasing lontitude by 1 cell in both directions to (8:96)
2020-02-24 22:12:27,324 - Training Data - INFO - +++ Decreasing lontitude by 1 cell in both directions to (9:95)
2020-02-24 22:12:28,202 - Training Data - INFO - +++ Decreasing lontitude by 1 cell in both directions to (10:94)
2020-02-24 22:12:29,077 - Training Data - INFO - +++ Decreasing lontitude by 1 cell in both directions to (11:93)
2020-02-24 22:12:29,944 - Training Data - INFO - +++ Decreasing lontitude by 1 cell in both directions to (12:92)
2020-02-24 22:12:33,604 - Training Data - INFO - +++ Decreasing lontitude by 1 cell in both directions to (13:91)
2020-02-24 22:12:35,353 - Training Data - INFO - +++ Decreasing lontitude by 1 cell in both directions to (14:90)
2020-02-24 22:12:36,944 - Training Data - INFO - +++ Decreasing lontitude by 1 cell in both directions to (15:89)
2020-02-24 22:12:38,129 - Training Data - INFO - +++ Decreasing lontitude by 1 cell in both directions to (16:88)
2020-02-24 22:12:39,345 - Training Data - INFO - +++ Decreasing lontitude by 1 cell in both directions to (17:87)
2020-02-24 22:12:40,521 - Training Data - INFO - +++ Decreasing lontitude by 1 cell in both directions to (18:86)
2020-02-24 22:12:41,774 - Training Data - INFO - +++ Decreasing lontitude by 1 cell in both directions to (19:85)
2020-02-24 22:12:43,060 - Training Data - INFO - +++ Decreasing lontitude by 1 cell in both directions to (20:84)
2020-02-24 22:12:44,303 - Training Data - INFO - +++ Decreasing lontitude by 1 cell in both directions to (21:83)
2020-02-24 22:12:45,674 - Training Data - INFO - +++ Decreasing lontitude by 1 cell in both directions to (22:82)
2020-02-24 22:12:47,058 - Training Data - INFO - +++ Decreasing lontitude by 1 cell in both directions to (23:81)
2020-02-24 22:12:48,617 - Training Data - INFO - +++ Decreasing lontitude by 1 cell in both directions to (24:80)
2020-02-24 22:12:50,309 - Training Data - INFO - +++ Decreasing lontitude by 1 cell in both directions to (25:79)
2020-02-24 22:12:51,573 - Training Data - INFO - +++ Decreasing lontitude by 1 cell in both directions to (26:78)
2020-02-24 22:12:52,841 - Training Data - INFO - +++ Decreasing lontitude by 1 cell in both directions to (27:77)
2020-02-24 22:12:54,856 - Training Data - INFO - +++ Decreasing lontitude by 1 cell in both directions to (28:76)
2020-02-24 22:12:58,627 - Training Data - INFO - +++ Decreasing lontitude by 1 cell in both directions to (29:75)
2020-02-24 22:13:00,159 - Training Data - INFO - +++ Decreasing latitude by 1 cell in both directions to (37:45)
2020-02-24 22:13:01,453 - Training Data - INFO - +++ Decreasing latitude by 1 cell in both directions to (38:44)
2020-02-24 22:13:04,832 - Training Data - INFO - +++ Decreasing lontitude by 1 cell in both directions to (30:74)
2020-02-24 22:13:10,332 - Training Data - INFO - +++ Increasing latitude by 1 cell in both directions to (37:45)
2020-02-24 22:13:11,557 - Training Data - INFO - +++ Centering eddy towards a minima/maxima depending on eddy type
2020-02-24 22:13:11,558 - Training Data - INFO - +++ Argmin center -> lon: -37.66666793823242, Center lat: 48.41666793823242
2020-02-24 22:13:18,567 - Training Data - INFO - +++++ Saving image 12 as an eddy
2020-02-24 22:13:18,569 - Training Data - INFO - +++++ Using average dimensions (17, 9) for non-eddy
2020-02-24 22:13:44,649 - Training Data - INFO - +++++ Saving noneddy
2020-02-24 22:13:56,994 - Training Data - INFO - +++++ Saving noneddy
2020-02-24 22:14:01,719 - Training Data - INFO - +++++ Saving noneddy
2020-02-24 22:14:19,929 - Training Data - INFO - +++++ Saving noneddy
2020-02-24 22:14:26,468 - Training Data - INFO - +++++ Saving noneddy
2020-02-24 22:14:34,928 - Training Data - INFO - +++++ Saving noneddy
2020-02-24 22:14:39,925 - Training Data - INFO - +++++ Saving noneddy
2020-02-24 22:14:45,246 - Training Data - INFO - +++++ Saving noneddy
2020-02-24 22:14:45,247 - Training Data - INFO - Compressing and storing training data so far
