2020-02-24 22:18:42,104 - Training Data - INFO - loading netcdf
2020-02-24 22:18:42,720 - Training Data - INFO - Creating images for dataset 02-04-2016
2020-02-24 22:18:45,858 - Training Data - INFO - + Creating rectangles for 15 eddies
2020-02-24 22:18:45,859 - Training Data - INFO - +++ Creating rectangles for cyclone with center (-41.0, 46.083332) and diameter 34.92920193295799
2020-02-24 22:18:48,507 - Training Data - INFO - +++ Centering eddy towards a minima/maxima depending on eddy type
2020-02-24 22:18:48,508 - Training Data - INFO - +++ Argmax center -> lon: -41.0, Center lat: 45.91666793823242
2020-02-24 22:18:51,862 - Training Data - INFO - +++ Centering eddy towards a minima/maxima depending on eddy type
2020-02-24 22:18:51,863 - Training Data - INFO - +++ Argmax center -> lon: -41.08333206176758, Center lat: 45.75
2020-02-24 22:18:53,369 - Training Data - INFO - +++ Centering eddy towards a minima/maxima depending on eddy type
2020-02-24 22:18:53,370 - Training Data - INFO - +++ Argmax center -> lon: -41.16666793823242, Center lat: 45.58333206176758
2020-02-24 22:18:55,321 - Training Data - INFO - +++ Centering eddy towards a minima/maxima depending on eddy type
2020-02-24 22:18:55,322 - Training Data - INFO - +++ Argmax center -> lon: -41.16666793823242, Center lat: 45.58333206176758
2020-02-24 22:18:58,522 - Training Data - INFO - +++ Increasing latitude by 1 cell in both directions to (4:10)
2020-02-24 22:18:59,655 - Training Data - INFO - +++ Increasing latitude by 1 cell in both directions to (3:11)
2020-02-24 22:19:05,084 - Training Data - INFO - +++ Centering eddy towards a minima/maxima depending on eddy type
2020-02-24 22:19:05,084 - Training Data - INFO - +++ Argmax center -> lon: -41.16666793823242, Center lat: 45.58333206176758
2020-02-24 22:19:09,000 - Training Data - INFO - +++ Increasing latitude by 1 cell in both directions to (2:12)
2020-02-24 22:19:13,315 - Training Data - INFO - +++ Increasing latitude by 1 cell in both directions to (1:13)
2020-02-24 22:19:15,049 - Training Data - INFO - +++ Increasing latitude by 1 cell in both directions to (0:14)
2020-02-24 22:19:17,007 - Training Data - INFO - +++ Latitude can't be increased further
2020-02-24 22:19:21,840 - Training Data - INFO - +++++ Discarding image 0
2020-02-24 22:19:21,841 - Training Data - INFO - +++ Creating rectangles for cyclone with center (-36.916668, 50.083332) and diameter 86.66937787520855
2020-02-24 22:19:30,525 - Training Data - INFO - +++ Decreasing latitude by 1 cell in both directions to (56:66)
2020-02-24 22:19:33,339 - Training Data - INFO - +++++ Saving image 1 as an eddy
2020-02-24 22:19:33,339 - Training Data - INFO - +++ Creating rectangles for anticyclone with center (-41.333332, 50.25) and diameter 58.48110312473168
2020-02-24 22:19:35,585 - Training Data - INFO - +++++ Discarding image 2
2020-02-24 22:19:35,586 - Training Data - INFO - +++ Creating rectangles for anticyclone with center (-40.416668, 47.0) and diameter 74.73643219155117
2020-02-24 22:19:38,059 - Training Data - INFO - +++ Centering eddy towards a minima/maxima depending on eddy type
2020-02-24 22:19:42,906 - Training Data - INFO - +++ Argmin center -> lon: -40.83333206176758, Center lat: 47.16666793823242
2020-02-24 22:19:44,946 - Training Data - INFO - +++ Centering eddy towards a minima/maxima depending on eddy type
2020-02-24 22:19:44,946 - Training Data - INFO - +++ Argmin center -> lon: -41.25, Center lat: 47.16666793823242
2020-02-24 22:19:51,320 - Training Data - INFO - +++ Increasing lontitude by 1 cell in both directions to (3:15)
2020-02-24 22:19:55,922 - Training Data - INFO - +++++ Saving image 3 as an eddy
2020-02-24 22:19:55,924 - Training Data - INFO - +++ Creating rectangles for cyclone with center (-38.75, 46.25) and diameter 143.77477346589393
2020-02-24 22:20:01,653 - Training Data - INFO - +++ Decreasing latitude by 1 cell in both directions to (6:24)
2020-02-24 22:20:03,194 - Training Data - INFO - +++ Decreasing latitude by 1 cell in both directions to (7:23)
2020-02-24 22:20:04,791 - Training Data - INFO - +++ Decreasing latitude by 1 cell in both directions to (8:22)
2020-02-24 22:20:06,756 - Training Data - INFO - +++ Decreasing latitude by 1 cell in both directions to (9:21)
2020-02-24 22:20:07,919 - Training Data - INFO - +++ Decreasing latitude by 1 cell in both directions to (10:20)
2020-02-24 22:20:10,845 - Training Data - INFO - +++ Decreasing latitude by 1 cell in both directions to (11:19)
2020-02-24 22:20:14,000 - Training Data - INFO - +++ Decreasing latitude by 1 cell in both directions to (12:18)
2020-02-24 22:20:15,581 - Training Data - INFO - +++ Decreasing latitude by 1 cell in both directions to (13:17)
2020-02-24 22:20:18,872 - Training Data - INFO - +++ Decreasing lontitude by 1 cell in both directions to (25:53)
2020-02-24 22:20:20,202 - Training Data - INFO - +++ Decreasing lontitude by 1 cell in both directions to (26:52)
2020-02-24 22:20:21,564 - Training Data - INFO - +++ Decreasing lontitude by 1 cell in both directions to (27:51)
2020-02-24 22:20:25,816 - Training Data - INFO - +++ Increasing latitude by 1 cell in both directions to (12:18)
2020-02-24 22:20:28,911 - Training Data - INFO - +++++ Saving image 4 as an eddy
2020-02-24 22:20:28,912 - Training Data - INFO - +++ Creating rectangles for cyclone with center (-37.416668, 45.583332) and diameter 56.67482553612885
2020-02-24 22:20:34,321 - Training Data - INFO - +++++ Discarding image 5
2020-02-24 22:20:34,322 - Training Data - INFO - +++ Creating rectangles for anticyclone with center (-34.583332, 50.25) and diameter 65.77787737136734
2020-02-24 22:20:36,444 - Training Data - INFO - +++ Centering eddy towards a minima/maxima depending on eddy type
2020-02-24 22:20:36,444 - Training Data - INFO - +++ Argmin center -> lon: -34.66666793823242, Center lat: 50.33333206176758
2020-02-24 22:20:47,765 - Training Data - INFO - +++++ Discarding image 6
2020-02-24 22:20:47,766 - Training Data - INFO - +++ Creating rectangles for anticyclone with center (-28.833334, 51.25) and diameter 42.1687595452782
2020-02-24 22:20:49,936 - Training Data - INFO - +++ Centering eddy towards a minima/maxima depending on eddy type
2020-02-24 22:20:49,936 - Training Data - INFO - +++ Argmin center -> lon: -28.91666603088379, Center lat: 51.41666793823242
2020-02-24 22:20:52,063 - Training Data - INFO - +++ Centering eddy towards a minima/maxima depending on eddy type
2020-02-24 22:20:52,064 - Training Data - INFO - +++ Argmin center -> lon: -29.08333396911621, Center lat: 51.58333206176758
2020-02-24 22:20:53,682 - Training Data - INFO - +++ Centering eddy towards a minima/maxima depending on eddy type
2020-02-24 22:20:53,683 - Training Data - INFO - +++ Argmin center -> lon: -29.5, Center lat: 51.66666793823242
2020-02-24 22:20:55,489 - Training Data - INFO - +++ Centering eddy towards a minima/maxima depending on eddy type
2020-02-24 22:20:55,490 - Training Data - INFO - +++ Argmin center -> lon: -29.75, Center lat: 51.75
2020-02-24 22:20:58,121 - Training Data - INFO - +++++ Discarding image 7
2020-02-24 22:20:58,122 - Training Data - INFO - +++ Creating rectangles for cyclone with center (-41.25, 51.583332) and diameter 27.33395610986002
2020-02-24 22:21:00,179 - Training Data - INFO - +++ Centering eddy towards a minima/maxima depending on eddy type
2020-02-24 22:21:00,179 - Training Data - INFO - +++ Argmax center -> lon: -41.75, Center lat: 51.66666793823242
2020-02-24 22:21:02,593 - Training Data - INFO - +++ Centering eddy towards a minima/maxima depending on eddy type
2020-02-24 22:21:02,594 - Training Data - INFO - +++ Argmax center -> lon: -41.41666793823242, Center lat: 51.75
2020-02-24 22:22:03,043 - Training Data - INFO - +++ Centering eddy towards a minima/maxima depending on eddy type
2020-02-24 22:22:03,044 - Training Data - INFO - +++ Argmax center -> lon: -41.41666793823242, Center lat: 51.83333206176758
2020-02-24 22:22:06,421 - Training Data - INFO - +++ Centering eddy towards a minima/maxima depending on eddy type
2020-02-24 22:22:06,422 - Training Data - INFO - +++ Argmax center -> lon: -41.41666793823242, Center lat: 51.91666793823242
2020-02-24 22:22:13,142 - Training Data - INFO - +++ Increasing latitude by 1 cell in both directions to (81:85)
2020-02-24 22:22:17,817 - Training Data - INFO - +++ Increasing latitude by 1 cell in both directions to (80:86)
2020-02-24 22:22:20,202 - Training Data - INFO - +++ Increasing latitude by 1 cell in both directions to (79:87)
2020-02-24 22:22:22,665 - Training Data - INFO - +++ Increasing latitude by 1 cell in both directions to (78:88)
2020-02-24 22:22:26,408 - Training Data - INFO - +++ Increasing lontitude by 1 cell in both directions to (1:13)
2020-02-24 22:22:35,237 - Training Data - INFO - +++++ Saving image 8 as an eddy
2020-02-24 22:22:35,238 - Training Data - INFO - +++ Creating rectangles for anticyclone with center (-38.333332, 52.333332) and diameter 31.670351890731574
2020-02-24 22:22:37,593 - Training Data - INFO - +++ Centering eddy towards a minima/maxima depending on eddy type
2020-02-24 22:22:37,593 - Training Data - INFO - +++ Argmin center -> lon: -38.58333206176758, Center lat: 52.5
2020-02-24 22:22:39,624 - Training Data - INFO - +++ Centering eddy towards a minima/maxima depending on eddy type
2020-02-24 22:22:39,624 - Training Data - INFO - +++ Argmin center -> lon: -38.91666793823242, Center lat: 52.66666793823242
2020-02-24 22:22:42,087 - Training Data - INFO - +++ Centering eddy towards a minima/maxima depending on eddy type
2020-02-24 22:22:42,087 - Training Data - INFO - +++ Argmin center -> lon: -39.08333206176758, Center lat: 52.83333206176758
2020-02-24 22:22:44,605 - Training Data - INFO - +++ Centering eddy towards a minima/maxima depending on eddy type
2020-02-24 22:22:44,606 - Training Data - INFO - +++ Argmin center -> lon: -38.75, Center lat: 53.0
2020-02-24 22:22:46,700 - Training Data - INFO - +++ Centering eddy towards a minima/maxima depending on eddy type
2020-02-24 22:22:46,700 - Training Data - INFO - +++ Argmin center -> lon: -38.41666793823242, Center lat: 53.16666793823242
2020-02-24 22:22:54,524 - Training Data - INFO - +++++ Saving image 9 as an eddy
2020-02-24 22:22:54,525 - Training Data - INFO - +++ Creating rectangles for cyclone with center (-28.916666, 52.5) and diameter 51.10881218393106
2020-02-24 22:22:56,888 - Training Data - INFO - +++ Centering eddy towards a minima/maxima depending on eddy type
2020-02-24 22:22:56,888 - Training Data - INFO - +++ Argmax center -> lon: -28.91666603088379, Center lat: 52.33333206176758
2020-02-24 22:23:01,369 - Training Data - INFO - +++++ Saving image 10 as an eddy
2020-02-24 22:23:01,370 - Training Data - INFO - +++ Creating rectangles for cyclone with center (-20.5, 59.833332) and diameter 63.40716982126748
2020-02-24 22:23:05,833 - Training Data - INFO - +++++ Saving image 11 as an eddy
2020-02-24 22:23:05,834 - Training Data - INFO - +++ Creating rectangles for anticyclone with center (-31.25, 51.75) and diameter 23.28130262630219
2020-02-24 22:23:08,713 - Training Data - INFO - +++ Centering eddy towards a minima/maxima depending on eddy type
2020-02-24 22:23:08,714 - Training Data - INFO - +++ Argmin center -> lon: -32.75, Center lat: 51.83333206176758
2020-02-24 22:23:12,681 - Training Data - INFO - +++ Increasing latitude by 1 cell in both directions to (80:84)
2020-02-24 22:23:14,241 - Training Data - INFO - +++ Increasing latitude by 1 cell in both directions to (79:85)
2020-02-24 22:23:15,423 - Training Data - INFO - +++ Increasing latitude by 1 cell in both directions to (78:86)
2020-02-24 22:23:19,222 - Training Data - INFO - +++++ Discarding image 12
2020-02-24 22:23:19,223 - Training Data - INFO - +++ Creating rectangles for anticyclone with center (-41.166668, 51.333332) and diameter 24.813743610951317
2020-02-24 22:23:21,329 - Training Data - INFO - +++ Centering eddy towards a minima/maxima depending on eddy type
2020-02-24 22:23:21,330 - Training Data - INFO - +++ Argmin center -> lon: -40.91666793823242, Center lat: 51.33333206176758
2020-02-24 22:23:23,632 - Training Data - INFO - +++ Centering eddy towards a minima/maxima depending on eddy type
2020-02-24 22:23:23,632 - Training Data - INFO - +++ Argmin center -> lon: -40.66666793823242, Center lat: 51.41666793823242
2020-02-24 22:23:26,650 - Training Data - INFO - +++++ Discarding image 13
2020-02-24 22:23:26,651 - Training Data - INFO - +++ Creating rectangles for anticyclone with center (-35.5, 46.666668) and diameter 90.38991887816991
2020-02-24 22:23:28,967 - Training Data - INFO - +++ Centering eddy towards a minima/maxima depending on eddy type
2020-02-24 22:23:28,968 - Training Data - INFO - +++ Argmin center -> lon: -35.25, Center lat: 46.75
2020-02-24 22:23:34,411 - Training Data - INFO - +++ Increasing lontitude by 1 cell in both directions to (73:89)
2020-02-24 22:23:40,735 - Training Data - INFO - +++++ Saving image 14 as an eddy
2020-02-24 22:23:40,735 - Training Data - INFO - +++++ Using average dimensions (13, 9) for non-eddy
2020-02-24 22:23:54,387 - Training Data - INFO - +++++ Saving noneddy
2020-02-24 22:24:05,327 - Training Data - INFO - +++++ Saving noneddy
2020-02-24 22:25:02,198 - Training Data - INFO - +++++ Saving noneddy
2020-02-24 22:25:18,572 - Training Data - INFO - +++++ Saving noneddy
2020-02-24 22:25:25,244 - Training Data - INFO - +++++ Saving noneddy
2020-02-24 22:25:33,697 - Training Data - INFO - +++++ Saving noneddy
2020-02-24 22:25:36,638 - Training Data - INFO - +++++ Saving noneddy
2020-02-24 22:25:49,723 - Training Data - INFO - +++++ Saving noneddy
2020-02-24 22:25:49,724 - Training Data - INFO - Compressing and storing training data so far
