2020-02-24 22:30:39,196 - Training Data - INFO - loading netcdf
2020-02-24 22:30:39,812 - Training Data - INFO - Creating images for dataset 02-04-2016
2020-02-24 22:30:42,847 - Training Data - INFO - + Creating rectangles for 16 eddies
2020-02-24 22:30:42,848 - Training Data - INFO - +++ Creating rectangles for anticyclone with center (-40.416668, 47.0) and diameter 74.73643219155117
2020-02-24 22:30:47,336 - Training Data - INFO - +++ Centering eddy towards a minima/maxima depending on eddy type
2020-02-24 22:30:47,337 - Training Data - INFO - +++ Argmin center -> lon: -40.83333206176758, Center lat: 47.16666793823242
2020-02-24 22:30:49,193 - Training Data - INFO - +++ Centering eddy towards a minima/maxima depending on eddy type
2020-02-24 22:30:49,194 - Training Data - INFO - +++ Argmin center -> lon: -41.25, Center lat: 47.16666793823242
2020-02-24 22:30:54,530 - Training Data - INFO - +++ Decreasing lontitude by 1 cell in both directions to (5:13)
2020-02-24 22:30:58,667 - Training Data - INFO - +++ Increasing lontitude by 1 cell in both directions to (4:14)
2020-02-24 22:31:00,967 - Training Data - INFO - +++ Increasing lontitude by 1 cell in both directions to (3:15)
2020-02-24 22:31:04,610 - Training Data - INFO - +++ Increasing lontitude by 1 cell in both directions to (2:16)
2020-02-24 22:31:07,703 - Training Data - INFO - +++++ Saving image 0 as an eddy
2020-02-24 22:31:07,704 - Training Data - INFO - +++ Creating rectangles for cyclone with center (-37.416668, 45.583332) and diameter 56.67482553612885
2020-02-24 22:31:09,669 - Training Data - INFO - +++++ Discarding image 1
2020-02-24 22:31:09,671 - Training Data - INFO - +++ Creating rectangles for anticyclone with center (-28.833334, 51.25) and diameter 42.1687595452782
2020-02-24 22:31:11,542 - Training Data - INFO - +++ Centering eddy towards a minima/maxima depending on eddy type
2020-02-24 22:31:11,543 - Training Data - INFO - +++ Argmin center -> lon: -28.91666603088379, Center lat: 51.41666793823242
2020-02-24 22:31:13,491 - Training Data - INFO - +++ Centering eddy towards a minima/maxima depending on eddy type
2020-02-24 22:31:13,492 - Training Data - INFO - +++ Argmin center -> lon: -29.08333396911621, Center lat: 51.58333206176758
2020-02-24 22:31:15,205 - Training Data - INFO - +++ Centering eddy towards a minima/maxima depending on eddy type
2020-02-24 22:31:15,206 - Training Data - INFO - +++ Argmin center -> lon: -29.5, Center lat: 51.66666793823242
2020-02-24 22:31:17,266 - Training Data - INFO - +++ Centering eddy towards a minima/maxima depending on eddy type
2020-02-24 22:31:17,266 - Training Data - INFO - +++ Argmin center -> lon: -29.75, Center lat: 51.75
2020-02-24 22:33:29,931 - Training Data - INFO - +++++ Discarding image 2
2020-02-24 22:33:29,932 - Training Data - INFO - +++ Creating rectangles for cyclone with center (-40.5, 46.166668) and diameter 19.475236147243415
2020-02-24 22:33:34,735 - Training Data - INFO - +++ Centering eddy towards a minima/maxima depending on eddy type
2020-02-24 22:33:34,736 - Training Data - INFO - +++ Argmax center -> lon: -40.33333206176758, Center lat: 46.08333206176758
2020-02-24 22:33:36,774 - Training Data - INFO - +++ Increasing latitude by 1 cell in both directions to (11:15)
2020-02-24 22:33:37,937 - Training Data - INFO - +++ Increasing lontitude by 1 cell in both directions to (17:23)
2020-02-24 22:33:39,124 - Training Data - INFO - +++ Increasing latitude by 1 cell in both directions to (10:16)
2020-02-24 22:33:40,071 - Training Data - INFO - +++ Increasing lontitude by 1 cell in both directions to (16:24)
2020-02-24 22:33:41,827 - Training Data - INFO - +++ Centering eddy towards a minima/maxima depending on eddy type
2020-02-24 22:33:41,828 - Training Data - INFO - +++ Argmax center -> lon: -40.0, Center lat: 46.25
2020-02-24 22:33:43,463 - Training Data - INFO - +++ Centering eddy towards a minima/maxima depending on eddy type
2020-02-24 22:33:43,464 - Training Data - INFO - +++ Argmax center -> lon: -39.66666793823242, Center lat: 46.33333206176758
2020-02-24 22:33:44,896 - Training Data - INFO - +++ Centering eddy towards a minima/maxima depending on eddy type
2020-02-24 22:33:44,896 - Training Data - INFO - +++ Argmax center -> lon: -39.33333206176758, Center lat: 46.33333206176758
2020-02-24 22:33:46,533 - Training Data - INFO - +++ Centering eddy towards a minima/maxima depending on eddy type
2020-02-24 22:33:46,533 - Training Data - INFO - +++ Argmax center -> lon: -39.0, Center lat: 46.33333206176758
2020-02-24 22:33:49,166 - Training Data - INFO - +++ Increasing lontitude by 1 cell in both directions to (31:41)
2020-02-24 22:33:50,580 - Training Data - INFO - +++ Increasing lontitude by 1 cell in both directions to (30:42)
2020-02-24 22:33:51,809 - Training Data - INFO - +++ Increasing lontitude by 1 cell in both directions to (29:43)
2020-02-24 22:33:52,884 - Training Data - INFO - +++ Increasing latitude by 1 cell in both directions to (12:20)
2020-02-24 22:33:54,055 - Training Data - INFO - +++ Increasing latitude by 1 cell in both directions to (11:21)
2020-02-24 22:33:55,198 - Training Data - INFO - +++ Increasing lontitude by 1 cell in both directions to (28:44)
2020-02-24 22:37:24,915 - Training Data - INFO - +++++ Saving image 3 as an eddy
2020-02-24 22:37:24,916 - Training Data - INFO - +++ Creating rectangles for anticyclone with center (-35.5, 46.666668) and diameter 90.80487237074027
2020-02-24 22:37:27,190 - Training Data - INFO - +++ Centering eddy towards a minima/maxima depending on eddy type
2020-02-24 22:37:27,191 - Training Data - INFO - +++ Argmin center -> lon: -35.25, Center lat: 46.75
2020-02-24 22:37:32,792 - Training Data - INFO - +++ Centering eddy towards a minima/maxima depending on eddy type
2020-02-24 22:37:32,792 - Training Data - INFO - +++ Argmin center -> lon: -35.25, Center lat: 46.75
2020-02-24 22:37:39,056 - Training Data - INFO - +++++ Saving image 4 as an eddy
2020-02-24 22:37:39,057 - Training Data - INFO - +++ Creating rectangles for anticyclone with center (-41.333332, 50.25) and diameter 58.48110312473168
2020-02-24 22:37:41,104 - Training Data - INFO - +++ Centering eddy towards a minima/maxima depending on eddy type
2020-02-24 22:37:41,104 - Training Data - INFO - +++ Argmin center -> lon: -41.25, Center lat: 50.33333206176758
2020-02-24 22:37:45,772 - Training Data - INFO - +++ Increasing latitude by 1 cell in both directions to (59:69)
2020-02-24 22:37:48,282 - Training Data - INFO - +++ Increasing latitude by 1 cell in both directions to (58:70)
2020-02-24 22:37:52,593 - Training Data - INFO - +++ Centering eddy towards a minima/maxima depending on eddy type
2020-02-24 22:37:52,593 - Training Data - INFO - +++ Argmin center -> lon: -41.25, Center lat: 50.33333206176758
2020-02-24 22:37:58,203 - Training Data - INFO - +++++ Saving image 5 as an eddy
2020-02-24 22:37:58,204 - Training Data - INFO - +++ Creating rectangles for cyclone with center (-41.25, 51.583332) and diameter 27.33395610986002
2020-02-24 22:38:02,262 - Training Data - INFO - +++++ Discarding image 6
2020-02-24 22:38:02,264 - Training Data - INFO - +++ Creating rectangles for cyclone with center (-38.75, 46.25) and diameter 59.02193262057575
2020-02-24 22:38:04,470 - Training Data - INFO - +++ Centering eddy towards a minima/maxima depending on eddy type
2020-02-24 22:38:04,471 - Training Data - INFO - +++ Argmax center -> lon: -39.0, Center lat: 46.33333206176758
2020-02-24 22:38:07,865 - Training Data - INFO - +++++ Saving image 7 as an eddy
2020-02-24 22:38:07,866 - Training Data - INFO - +++ Creating rectangles for cyclone with center (-36.916668, 50.083332) and diameter 86.66937787520855
2020-02-24 22:40:30,135 - Training Data - INFO - +++++ Saving image 8 as an eddy
2020-02-24 22:40:30,136 - Training Data - INFO - +++ Creating rectangles for cyclone with center (-39.5, 47.0) and diameter 55.40161204150106
2020-02-24 22:40:32,911 - Training Data - INFO - +++ Centering eddy towards a minima/maxima depending on eddy type
2020-02-24 22:40:32,911 - Training Data - INFO - +++ Argmax center -> lon: -39.25, Center lat: 46.75
2020-02-24 22:40:34,670 - Training Data - INFO - +++ Centering eddy towards a minima/maxima depending on eddy type
2020-02-24 22:40:34,670 - Training Data - INFO - +++ Argmax center -> lon: -39.0, Center lat: 46.5
2020-02-24 22:40:36,290 - Training Data - INFO - +++ Centering eddy towards a minima/maxima depending on eddy type
2020-02-24 22:40:36,291 - Training Data - INFO - +++ Argmax center -> lon: -39.0, Center lat: 46.33333206176758
2020-02-24 22:40:38,471 - Training Data - INFO - +++ Increasing latitude by 1 cell in both directions to (12:20)
2020-02-24 22:40:40,003 - Training Data - INFO - +++ Increasing latitude by 1 cell in both directions to (11:21)
2020-02-24 22:40:41,584 - Training Data - INFO - +++ Increasing latitude by 1 cell in both directions to (10:22)
2020-02-24 22:40:43,559 - Training Data - INFO - +++ Increasing latitude by 1 cell in both directions to (9:23)
2020-02-24 22:40:45,233 - Training Data - INFO - +++ Increasing latitude by 1 cell in both directions to (8:24)
2020-02-24 22:40:46,680 - Training Data - INFO - +++ Increasing latitude by 1 cell in both directions to (7:25)
2020-02-24 22:40:48,190 - Training Data - INFO - +++ Increasing latitude by 1 cell in both directions to (6:26)
2020-02-24 22:40:53,516 - Training Data - INFO - +++ Increasing lontitude by 1 cell in both directions to (32:40)
2020-02-24 22:40:54,948 - Training Data - INFO - +++ Increasing lontitude by 1 cell in both directions to (31:41)
2020-02-24 22:40:56,533 - Training Data - INFO - +++ Increasing lontitude by 1 cell in both directions to (30:42)
2020-02-24 22:40:58,221 - Training Data - INFO - +++ Decreasing latitude by 1 cell in both directions to (7:25)
2020-02-24 22:41:00,926 - Training Data - INFO - +++ Increasing lontitude by 1 cell in both directions to (29:43)
2020-02-24 22:41:05,130 - Training Data - INFO - +++ Centering eddy towards a minima/maxima depending on eddy type
2020-02-24 22:41:05,131 - Training Data - INFO - +++ Argmax center -> lon: -39.0, Center lat: 46.33333206176758
2020-02-24 22:41:09,442 - Training Data - INFO - +++ Decreasing latitude by 1 cell in both directions to (8:24)
2020-02-24 22:41:10,532 - Training Data - INFO - +++ Decreasing lontitude by 1 cell in both directions to (30:42)
2020-02-24 22:41:13,438 - Training Data - INFO - +++ Decreasing latitude by 1 cell in both directions to (9:23)
2020-02-24 22:41:17,978 - Training Data - INFO - +++++ Saving image 9 as an eddy
2020-02-24 22:41:17,979 - Training Data - INFO - +++ Creating rectangles for anticyclone with center (-34.583332, 50.25) and diameter 69.82020794047995
2020-02-24 22:41:20,023 - Training Data - INFO - +++ Centering eddy towards a minima/maxima depending on eddy type
2020-02-24 22:41:20,024 - Training Data - INFO - +++ Argmin center -> lon: -34.66666793823242, Center lat: 50.33333206176758
2020-02-24 22:41:25,074 - Training Data - INFO - +++++ Discarding image 10
2020-02-24 22:41:25,076 - Training Data - INFO - +++ Creating rectangles for cyclone with center (-20.5, 59.833332) and diameter 62.52292397480561
2020-02-24 22:41:26,993 - Training Data - INFO - +++ Centering eddy towards a minima/maxima depending on eddy type
2020-02-24 22:41:26,995 - Training Data - INFO - +++ Argmax center -> lon: -20.5, Center lat: 59.83333206176758
2020-02-24 22:41:31,494 - Training Data - INFO - +++++ Saving image 11 as an eddy
2020-02-24 22:41:31,496 - Training Data - INFO - +++ Creating rectangles for cyclone with center (-28.916666, 52.5) and diameter 51.10881218393106
2020-02-24 22:41:33,833 - Training Data - INFO - +++ Centering eddy towards a minima/maxima depending on eddy type
2020-02-24 22:41:33,834 - Training Data - INFO - +++ Argmax center -> lon: -28.91666603088379, Center lat: 52.33333206176758
2020-02-24 22:41:37,117 - Training Data - INFO - +++ Centering eddy towards a minima/maxima depending on eddy type
2020-02-24 22:41:37,118 - Training Data - INFO - +++ Argmax center -> lon: -28.91666603088379, Center lat: 52.33333206176758
2020-02-24 22:41:45,200 - Training Data - INFO - +++++ Saving image 12 as an eddy
2020-02-24 22:41:45,205 - Training Data - INFO - +++ Creating rectangles for cyclone with center (-39.5, 46.583332) and diameter 19.398233139388804
2020-02-24 22:41:49,042 - Training Data - INFO - +++ Centering eddy towards a minima/maxima depending on eddy type
2020-02-24 22:41:49,044 - Training Data - INFO - +++ Argmax center -> lon: -39.41666793823242, Center lat: 46.5
2020-02-24 22:41:51,318 - Training Data - INFO - +++ Centering eddy towards a minima/maxima depending on eddy type
2020-02-24 22:41:51,319 - Training Data - INFO - +++ Argmax center -> lon: -39.33333206176758, Center lat: 46.41666793823242
2020-02-24 22:41:52,801 - Training Data - INFO - +++ Increasing lontitude by 1 cell in both directions to (30:34)
2020-02-24 22:41:54,004 - Training Data - INFO - +++ Increasing latitude by 1 cell in both directions to (15:19)
2020-02-24 22:41:55,170 - Training Data - INFO - +++ Increasing lontitude by 1 cell in both directions to (29:35)
2020-02-24 22:41:56,325 - Training Data - INFO - +++ Increasing latitude by 1 cell in both directions to (14:20)
2020-02-24 22:41:57,637 - Training Data - INFO - +++ Centering eddy towards a minima/maxima depending on eddy type
2020-02-24 22:41:57,638 - Training Data - INFO - +++ Argmax center -> lon: -39.08333206176758, Center lat: 46.33333206176758
2020-02-24 22:42:01,794 - Training Data - INFO - +++ Increasing latitude by 1 cell in both directions to (12:20)
2020-02-24 22:42:03,274 - Training Data - INFO - +++ Increasing latitude by 1 cell in both directions to (11:21)
2020-02-24 22:42:05,068 - Training Data - INFO - +++ Increasing lontitude by 1 cell in both directions to (31:39)
2020-02-24 22:42:06,430 - Training Data - INFO - +++ Increasing lontitude by 1 cell in both directions to (30:40)
2020-02-24 22:42:07,683 - Training Data - INFO - +++ Increasing lontitude by 1 cell in both directions to (29:41)
2020-02-24 22:42:09,674 - Training Data - INFO - +++ Increasing lontitude by 1 cell in both directions to (28:42)
2020-02-24 22:42:12,326 - Training Data - INFO - +++++ Saving image 13 as an eddy
2020-02-24 22:42:12,327 - Training Data - INFO - +++ Creating rectangles for anticyclone with center (-41.166668, 51.333332) and diameter 24.813743610951317
2020-02-24 22:42:19,423 - Training Data - INFO - +++ Centering eddy towards a minima/maxima depending on eddy type
2020-02-24 22:42:19,423 - Training Data - INFO - +++ Argmin center -> lon: -40.91666793823242, Center lat: 51.33333206176758
2020-02-24 22:42:21,378 - Training Data - INFO - +++ Centering eddy towards a minima/maxima depending on eddy type
2020-02-24 22:42:21,380 - Training Data - INFO - +++ Argmin center -> lon: -40.66666793823242, Center lat: 51.41666793823242
2020-02-24 22:42:22,894 - Training Data - INFO - +++ Centering eddy towards a minima/maxima depending on eddy type
2020-02-24 22:42:22,895 - Training Data - INFO - +++ Argmin center -> lon: -40.58333206176758, Center lat: 51.5
2020-02-24 22:42:24,435 - Training Data - INFO - +++ Centering eddy towards a minima/maxima depending on eddy type
2020-02-24 22:42:24,435 - Training Data - INFO - +++ Argmin center -> lon: -40.5, Center lat: 51.58333206176758
2020-02-24 22:42:25,756 - Training Data - INFO - +++ Centering eddy towards a minima/maxima depending on eddy type
2020-02-24 22:42:25,757 - Training Data - INFO - +++ Argmin center -> lon: -40.41666793823242, Center lat: 51.66666793823242
2020-02-24 22:42:27,167 - Training Data - INFO - +++ Centering eddy towards a minima/maxima depending on eddy type
2020-02-24 22:42:27,168 - Training Data - INFO - +++ Argmin center -> lon: -40.25, Center lat: 51.75
2020-02-24 22:42:28,474 - Training Data - INFO - +++ Centering eddy towards a minima/maxima depending on eddy type
2020-02-24 22:42:28,475 - Training Data - INFO - +++ Argmin center -> lon: -40.16666793823242, Center lat: 51.83333206176758
2020-02-24 22:42:29,872 - Training Data - INFO - +++ Centering eddy towards a minima/maxima depending on eddy type
2020-02-24 22:42:29,873 - Training Data - INFO - +++ Argmin center -> lon: -40.16666793823242, Center lat: 51.91666793823242
2020-02-24 22:42:31,240 - Training Data - INFO - +++ Centering eddy towards a minima/maxima depending on eddy type
2020-02-24 22:42:31,241 - Training Data - INFO - +++ Argmin center -> lon: -40.25, Center lat: 52.0
2020-02-24 22:42:32,555 - Training Data - INFO - +++ Centering eddy towards a minima/maxima depending on eddy type
2020-02-24 22:42:32,555 - Training Data - INFO - +++ Argmin center -> lon: -40.33333206176758, Center lat: 52.08333206176758
2020-02-24 22:42:33,959 - Training Data - INFO - +++ Centering eddy towards a minima/maxima depending on eddy type
2020-02-24 22:42:33,959 - Training Data - INFO - +++ Argmin center -> lon: -40.41666793823242, Center lat: 52.16666793823242
2020-02-24 22:42:35,262 - Training Data - INFO - +++ Centering eddy towards a minima/maxima depending on eddy type
2020-02-24 22:42:35,263 - Training Data - INFO - +++ Argmin center -> lon: -40.41666793823242, Center lat: 52.25
2020-02-24 22:42:36,689 - Training Data - INFO - +++ Centering eddy towards a minima/maxima depending on eddy type
2020-02-24 22:42:36,690 - Training Data - INFO - +++ Argmin center -> lon: -40.41666793823242, Center lat: 52.25
2020-02-24 22:42:39,507 - Training Data - INFO - +++ Increasing latitude by 1 cell in both directions to (85:89)
2020-02-24 22:42:40,643 - Training Data - INFO - +++ Increasing latitude by 1 cell in both directions to (84:90)
2020-02-24 22:42:43,435 - Training Data - INFO - +++++ Discarding image 14
2020-02-24 22:42:43,436 - Training Data - INFO - +++ Creating rectangles for cyclone with center (-41.0, 46.083332) and diameter 34.92920193295799
2020-02-24 22:42:45,407 - Training Data - INFO - +++ Centering eddy towards a minima/maxima depending on eddy type
2020-02-24 22:42:45,408 - Training Data - INFO - +++ Argmax center -> lon: -41.0, Center lat: 45.91666793823242
2020-02-24 22:42:47,043 - Training Data - INFO - +++ Centering eddy towards a minima/maxima depending on eddy type
2020-02-24 22:42:47,043 - Training Data - INFO - +++ Argmax center -> lon: -41.08333206176758, Center lat: 45.75
2020-02-24 22:42:48,778 - Training Data - INFO - +++ Centering eddy towards a minima/maxima depending on eddy type
2020-02-24 22:42:48,779 - Training Data - INFO - +++ Argmax center -> lon: -41.16666793823242, Center lat: 45.58333206176758
2020-02-24 22:42:50,638 - Training Data - INFO - +++ Centering eddy towards a minima/maxima depending on eddy type
2020-02-24 22:42:50,639 - Training Data - INFO - +++ Argmax center -> lon: -41.16666793823242, Center lat: 45.58333206176758
2020-02-24 22:42:52,242 - Training Data - INFO - +++ Centering eddy towards a minima/maxima depending on eddy type
2020-02-24 22:42:52,243 - Training Data - INFO - +++ Argmax center -> lon: -41.16666793823242, Center lat: 45.58333206176758
2020-02-24 22:42:54,174 - Training Data - INFO - +++ Centering eddy towards a minima/maxima depending on eddy type
2020-02-24 22:42:54,174 - Training Data - INFO - +++ Argmax center -> lon: -41.16666793823242, Center lat: 45.58333206176758
2020-02-24 22:42:56,069 - Training Data - INFO - +++ Increasing latitude by 1 cell in both directions to (4:10)
2020-02-24 22:42:57,291 - Training Data - INFO - +++ Increasing latitude by 1 cell in both directions to (3:11)
2020-02-24 22:42:58,472 - Training Data - INFO - +++ Increasing latitude by 1 cell in both directions to (2:12)
2020-02-24 22:43:00,369 - Training Data - INFO - +++++ Discarding image 15
2020-02-24 22:43:00,369 - Training Data - INFO - +++++ Using average dimensions (13, 10) for non-eddy
2020-02-24 22:43:17,131 - Training Data - INFO - +++++ Saving noneddy
2020-02-24 22:43:27,111 - Training Data - INFO - +++++ Saving noneddy
2020-02-24 22:43:32,876 - Training Data - INFO - +++++ Saving noneddy
2020-02-24 22:43:35,539 - Training Data - INFO - +++++ Saving noneddy
2020-02-24 22:43:37,376 - Training Data - INFO - +++++ Saving noneddy
2020-02-24 22:43:39,888 - Training Data - INFO - +++++ Saving noneddy
2020-02-24 22:43:46,388 - Training Data - INFO - +++++ Saving noneddy
2020-02-24 22:43:49,091 - Training Data - INFO - +++++ Saving noneddy
2020-02-24 22:43:51,466 - Training Data - INFO - +++++ Saving noneddy
2020-02-24 22:43:55,352 - Training Data - INFO - +++++ Saving noneddy
2020-02-24 22:43:55,352 - Training Data - INFO - Compressing and storing training data so far
2020-02-24 22:43:55,377 - Training Data - INFO - Creating images for dataset 19-02-2016
2020-02-24 22:43:58,592 - Training Data - INFO - + Creating rectangles for 18 eddies
2020-02-24 22:43:58,593 - Training Data - INFO - +++ Creating rectangles for anticyclone with center (-39.083332, 46.416668) and diameter 60.12314369857751
2020-02-24 22:44:16,106 - Training Data - INFO - +++ Centering eddy towards a minima/maxima depending on eddy type
2020-02-24 22:44:16,106 - Training Data - INFO - +++ Argmin center -> lon: -39.08333206176758, Center lat: 46.75
2020-02-24 22:44:18,174 - Training Data - INFO - +++ Centering eddy towards a minima/maxima depending on eddy type
2020-02-24 22:44:18,175 - Training Data - INFO - +++ Argmin center -> lon: -39.08333206176758, Center lat: 46.75
2020-02-24 22:44:21,302 - Training Data - INFO - +++++ Discarding image 0
2020-02-24 22:44:21,303 - Training Data - INFO - +++ Creating rectangles for cyclone with center (-38.083332, 49.166668) and diameter 25.387439587807368
2020-02-24 22:44:23,346 - Training Data - INFO - +++ Centering eddy towards a minima/maxima depending on eddy type
2020-02-24 22:44:23,347 - Training Data - INFO - +++ Argmax center -> lon: -38.0, Center lat: 49.25
2020-02-24 22:44:26,996 - Training Data - INFO - +++ Increasing latitude by 1 cell in both directions to (49:53)
2020-02-24 22:44:28,171 - Training Data - INFO - +++ Increasing latitude by 1 cell in both directions to (48:54)
2020-02-24 22:44:30,061 - Training Data - INFO - +++ Increasing latitude by 1 cell in both directions to (47:55)
2020-02-24 22:44:34,772 - Training Data - INFO - +++++ Saving image 1 as an eddy
2020-02-24 22:44:34,773 - Training Data - INFO - +++ Creating rectangles for anticyclone with center (-34.5, 49.75) and diameter 35.67631268376174
2020-02-24 22:44:39,402 - Training Data - INFO - +++ Increasing lontitude by 1 cell in both directions to (87:93)
2020-02-24 22:44:41,219 - Training Data - INFO - +++ Increasing latitude by 1 cell in both directions to (54:60)
2020-02-24 22:44:42,572 - Training Data - INFO - +++ Increasing latitude by 1 cell in both directions to (53:61)
2020-02-24 22:44:43,825 - Training Data - INFO - +++ Increasing latitude by 1 cell in both directions to (52:62)
2020-02-24 22:44:45,612 - Training Data - INFO - +++++ Discarding image 2
2020-02-24 22:44:45,613 - Training Data - INFO - +++ Creating rectangles for cyclone with center (-36.333332, 47.25) and diameter 115.04284391853737
2020-02-24 22:44:48,343 - Training Data - INFO - +++ Centering eddy towards a minima/maxima depending on eddy type
2020-02-24 22:44:48,343 - Training Data - INFO - +++ Argmax center -> lon: -37.0, Center lat: 46.58333206176758
2020-02-24 22:44:50,226 - Training Data - INFO - +++ Centering eddy towards a minima/maxima depending on eddy type
2020-02-24 22:44:50,227 - Training Data - INFO - +++ Argmax center -> lon: -37.16666793823242, Center lat: 46.41666793823242
2020-02-24 22:44:57,237 - Training Data - INFO - +++ Increasing latitude by 1 cell in both directions to (8:26)
2020-02-24 22:45:01,464 - Training Data - INFO - +++++ Saving image 3 as an eddy
2020-02-24 22:45:01,465 - Training Data - INFO - +++ Creating rectangles for anticyclone with center (-41.0, 46.083332) and diameter 83.03312779102227
2020-02-24 22:45:03,523 - Training Data - INFO - +++ Centering eddy towards a minima/maxima depending on eddy type
2020-02-24 22:45:03,523 - Training Data - INFO - +++ Argmin center -> lon: -41.66666793823242, Center lat: 46.33333206176758
2020-02-24 22:45:05,722 - Training Data - INFO - +++ Centering eddy towards a minima/maxima depending on eddy type
2020-02-24 22:45:05,722 - Training Data - INFO - +++ Argmin center -> lon: -41.66666793823242, Center lat: 46.33333206176758
2020-02-24 22:45:07,455 - Training Data - INFO - +++ Centering eddy towards a minima/maxima depending on eddy type
2020-02-24 22:45:07,455 - Training Data - INFO - +++ Argmin center -> lon: -41.66666793823242, Center lat: 46.33333206176758
2020-02-24 22:45:10,202 - Training Data - INFO - +++ Increasing latitude by 1 cell in both directions to (10:22)
2020-02-24 22:45:12,026 - Training Data - INFO - +++ Centering eddy towards a minima/maxima depending on eddy type
2020-02-24 22:45:12,027 - Training Data - INFO - +++ Argmin center -> lon: -41.66666793823242, Center lat: 46.33333206176758
2020-02-24 22:45:14,478 - Training Data - INFO - +++++ Discarding image 4
2020-02-24 22:45:14,479 - Training Data - INFO - +++ Creating rectangles for anticyclone with center (-23.5, 48.833332) and diameter 59.334694317850435
2020-02-24 22:45:16,743 - Training Data - INFO - +++++ Discarding image 5
2020-02-24 22:45:16,744 - Training Data - INFO - +++ Creating rectangles for cyclone with center (-38.5, 50.666668) and diameter 43.28726383667915
2020-02-24 22:45:19,387 - Training Data - INFO - +++ Centering eddy towards a minima/maxima depending on eddy type
2020-02-24 22:45:19,388 - Training Data - INFO - +++ Argmax center -> lon: -38.5, Center lat: 50.58333206176758
2020-02-24 22:45:22,822 - Training Data - INFO - +++ Increasing latitude by 1 cell in both directions to (63:71)
2020-02-24 22:45:30,372 - Training Data - INFO - +++++ Saving image 6 as an eddy
2020-02-24 22:45:30,373 - Training Data - INFO - +++ Creating rectangles for cyclone with center (-38.5, 47.0) and diameter 33.513757893426366
2020-02-24 22:45:33,071 - Training Data - INFO - +++ Centering eddy towards a minima/maxima depending on eddy type
2020-02-24 22:45:33,071 - Training Data - INFO - +++ Argmax center -> lon: -38.33333206176758, Center lat: 46.83333206176758
2020-02-24 22:45:35,572 - Training Data - INFO - +++ Centering eddy towards a minima/maxima depending on eddy type
2020-02-24 22:45:35,573 - Training Data - INFO - +++ Argmax center -> lon: -38.16666793823242, Center lat: 46.66666793823242
2020-02-24 22:45:37,138 - Training Data - INFO - +++ Centering eddy towards a minima/maxima depending on eddy type
2020-02-24 22:45:37,138 - Training Data - INFO - +++ Argmax center -> lon: -38.0, Center lat: 46.5
2020-02-24 22:45:39,279 - Training Data - INFO - +++++ Discarding image 7
2020-02-24 22:45:39,280 - Training Data - INFO - +++ Creating rectangles for anticyclone with center (-32.75, 59.0) and diameter 21.218068698822446
2020-02-24 22:45:41,932 - Training Data - INFO - +++ Centering eddy towards a minima/maxima depending on eddy type
2020-02-24 22:45:41,933 - Training Data - INFO - +++ Argmin center -> lon: -32.83333206176758, Center lat: 59.08333206176758
2020-02-24 22:45:44,510 - Training Data - INFO - +++++ Discarding image 8
2020-02-24 22:45:44,511 - Training Data - INFO - +++ Creating rectangles for anticyclone with center (-34.75, 49.0) and diameter 53.625720068056616
2020-02-24 22:45:53,890 - Training Data - INFO - +++ Decreasing lontitude by 1 cell in both directions to (76:98)
2020-02-24 22:45:55,101 - Training Data - INFO - +++ Decreasing lontitude by 1 cell in both directions to (77:97)
2020-02-24 22:45:56,203 - Training Data - INFO - +++ Decreasing lontitude by 1 cell in both directions to (78:96)
2020-02-24 22:45:57,298 - Training Data - INFO - +++ Decreasing lontitude by 1 cell in both directions to (79:95)
2020-02-24 22:45:58,369 - Training Data - INFO - +++ Decreasing lontitude by 1 cell in both directions to (80:94)
2020-02-24 22:45:59,492 - Training Data - INFO - +++ Decreasing lontitude by 1 cell in both directions to (81:93)
2020-02-24 22:46:04,499 - Training Data - INFO - +++ Increasing latitude by 1 cell in both directions to (44:52)
2020-02-24 22:46:06,558 - Training Data - INFO - +++ Increasing latitude by 1 cell in both directions to (43:53)
2020-02-24 22:46:10,622 - Training Data - INFO - +++ Decreasing lontitude by 1 cell in both directions to (82:92)
2020-02-24 22:46:11,871 - Training Data - INFO - +++ Decreasing lontitude by 1 cell in both directions to (83:91)
2020-02-24 22:46:14,214 - Training Data - INFO - +++ Decreasing lontitude by 1 cell in both directions to (84:90)
2020-02-24 22:46:23,022 - Training Data - INFO - +++++ Saving image 9 as an eddy
2020-02-24 22:46:23,023 - Training Data - INFO - +++ Creating rectangles for anticyclone with center (-40.0, 51.583332) and diameter 21.818980491524822
2020-02-24 22:46:25,202 - Training Data - INFO - +++ Centering eddy towards a minima/maxima depending on eddy type
2020-02-24 22:46:25,203 - Training Data - INFO - +++ Argmin center -> lon: -39.83333206176758, Center lat: 51.66666793823242
2020-02-24 22:46:26,806 - Training Data - INFO - +++ Centering eddy towards a minima/maxima depending on eddy type
2020-02-24 22:46:26,807 - Training Data - INFO - +++ Argmin center -> lon: -39.75, Center lat: 51.75
2020-02-24 22:46:28,936 - Training Data - INFO - +++ Centering eddy towards a minima/maxima depending on eddy type
2020-02-24 22:46:28,937 - Training Data - INFO - +++ Argmin center -> lon: -39.75, Center lat: 51.83333206176758
2020-02-24 22:46:31,476 - Training Data - INFO - +++++ Discarding image 10
2020-02-24 22:46:31,476 - Training Data - INFO - +++ Creating rectangles for cyclone with center (-41.083332, 50.25) and diameter 124.77333381031994
2020-02-24 22:46:33,577 - Training Data - INFO - +++ Centering eddy towards a minima/maxima depending on eddy type
2020-02-24 22:46:33,578 - Training Data - INFO - +++ Argmax center -> lon: -41.25, Center lat: 50.16666793823242
2020-02-24 22:46:39,586 - Training Data - INFO - +++ Decreasing latitude by 1 cell in both directions to (55:69)
2020-02-24 22:46:43,191 - Training Data - INFO - +++ Decreasing latitude by 1 cell in both directions to (56:68)
2020-02-24 22:46:44,786 - Training Data - INFO - +++ Decreasing lontitude by 1 cell in both directions to (2:16)
2020-02-24 22:46:46,272 - Training Data - INFO - +++ Decreasing lontitude by 1 cell in both directions to (3:15)
2020-02-24 22:46:48,658 - Training Data - INFO - +++++ Saving image 11 as an eddy
2020-02-24 22:46:48,658 - Training Data - INFO - +++ Creating rectangles for anticyclone with center (-28.083334, 57.333332) and diameter 40.78751981397487
2020-02-24 22:46:53,116 - Training Data - INFO - +++ Increasing latitude by 1 cell in both directions to (145:151)
2020-02-24 22:46:56,677 - Training Data - INFO - +++++ Saving image 12 as an eddy
2020-02-24 22:46:56,678 - Training Data - INFO - +++ Creating rectangles for cyclone with center (-35.333332, 51.25) and diameter 56.83432601125281
2020-02-24 22:47:00,019 - Training Data - INFO - +++ Centering eddy towards a minima/maxima depending on eddy type
2020-02-24 22:47:00,019 - Training Data - INFO - +++ Argmax center -> lon: -35.66666793823242, Center lat: 50.91666793823242
2020-02-24 22:47:01,560 - Training Data - INFO - +++ Centering eddy towards a minima/maxima depending on eddy type
2020-02-24 22:47:01,561 - Training Data - INFO - +++ Argmax center -> lon: -35.58333206176758, Center lat: 50.75
2020-02-24 22:47:04,325 - Training Data - INFO - +++++ Discarding image 13
2020-02-24 22:47:04,326 - Training Data - INFO - +++ Creating rectangles for anticyclone with center (-39.166668, 49.333332) and diameter 40.49080243037885
2020-02-24 22:47:07,219 - Training Data - INFO - +++ Centering eddy towards a minima/maxima depending on eddy type
2020-02-24 22:47:07,220 - Training Data - INFO - +++ Argmin center -> lon: -39.16666793823242, Center lat: 49.5
2020-02-24 22:47:09,225 - Training Data - INFO - +++ Centering eddy towards a minima/maxima depending on eddy type
2020-02-24 22:47:09,225 - Training Data - INFO - +++ Argmin center -> lon: -39.41666793823242, Center lat: 49.66666793823242
2020-02-24 22:47:10,633 - Training Data - INFO - +++ Centering eddy towards a minima/maxima depending on eddy type
2020-02-24 22:47:10,634 - Training Data - INFO - +++ Argmin center -> lon: -39.25, Center lat: 49.83333206176758
2020-02-24 22:47:12,264 - Training Data - INFO - +++ Centering eddy towards a minima/maxima depending on eddy type
2020-02-24 22:47:12,264 - Training Data - INFO - +++ Argmin center -> lon: -39.16666793823242, Center lat: 50.0
2020-02-24 22:47:15,694 - Training Data - INFO - +++ Increasing lontitude by 1 cell in both directions to (29:39)
2020-02-24 22:47:16,873 - Training Data - INFO - +++ Increasing latitude by 1 cell in both directions to (57:63)
2020-02-24 22:47:18,051 - Training Data - INFO - +++ Increasing lontitude by 1 cell in both directions to (28:40)
2020-02-24 22:47:19,159 - Training Data - INFO - +++ Increasing latitude by 1 cell in both directions to (56:64)
2020-02-24 22:47:22,050 - Training Data - INFO - +++++ Saving image 14 as an eddy
2020-02-24 22:47:22,051 - Training Data - INFO - +++ Creating rectangles for anticyclone with center (-39.666668, 47.416668) and diameter 58.97988759650179
2020-02-24 22:47:24,863 - Training Data - INFO - +++ Centering eddy towards a minima/maxima depending on eddy type
2020-02-24 22:47:24,864 - Training Data - INFO - +++ Argmin center -> lon: -39.33333206176758, Center lat: 47.5
2020-02-24 22:47:51,534 - Training Data - INFO - +++ Centering eddy towards a minima/maxima depending on eddy type
2020-02-24 22:47:51,535 - Training Data - INFO - +++ Argmin center -> lon: -39.0, Center lat: 47.58333206176758
2020-02-24 22:47:53,211 - Training Data - INFO - +++ Increasing latitude by 1 cell in both directions to (26:36)
2020-02-24 22:47:54,482 - Training Data - INFO - +++ Increasing latitude by 1 cell in both directions to (25:37)
2020-02-24 22:47:56,155 - Training Data - INFO - +++ Centering eddy towards a minima/maxima depending on eddy type
2020-02-24 22:47:56,155 - Training Data - INFO - +++ Argmin center -> lon: -38.66666793823242, Center lat: 47.58333206176758
2020-02-24 22:47:57,520 - Training Data - INFO - +++ Centering eddy towards a minima/maxima depending on eddy type
2020-02-24 22:47:57,521 - Training Data - INFO - +++ Argmin center -> lon: -38.33333206176758, Center lat: 47.83333206176758
2020-02-24 22:47:58,794 - Training Data - INFO - +++ Centering eddy towards a minima/maxima depending on eddy type
2020-02-24 22:47:58,794 - Training Data - INFO - +++ Argmin center -> lon: -38.0, Center lat: 48.0
2020-02-24 22:48:00,210 - Training Data - INFO - +++ Centering eddy towards a minima/maxima depending on eddy type
2020-02-24 22:48:00,211 - Training Data - INFO - +++ Argmin center -> lon: -37.91666793823242, Center lat: 48.0
2020-02-24 22:48:03,771 - Training Data - INFO - +++++ Discarding image 15
2020-02-24 22:48:03,772 - Training Data - INFO - +++ Creating rectangles for anticyclone with center (-38.416668, 46.25) and diameter 35.843858257808684
2020-02-24 22:48:06,531 - Training Data - INFO - +++ Centering eddy towards a minima/maxima depending on eddy type
2020-02-24 22:48:06,532 - Training Data - INFO - +++ Argmin center -> lon: -38.66666793823242, Center lat: 46.41666793823242
2020-02-24 22:48:08,207 - Training Data - INFO - +++ Centering eddy towards a minima/maxima depending on eddy type
2020-02-24 22:48:08,207 - Training Data - INFO - +++ Argmin center -> lon: -38.91666793823242, Center lat: 46.58333206176758
2020-02-24 22:48:09,576 - Training Data - INFO - +++ Centering eddy towards a minima/maxima depending on eddy type
2020-02-24 22:48:09,577 - Training Data - INFO - +++ Argmin center -> lon: -39.08333206176758, Center lat: 46.75
2020-02-24 22:48:11,769 - Training Data - INFO - +++ Centering eddy towards a minima/maxima depending on eddy type
2020-02-24 22:48:11,769 - Training Data - INFO - +++ Argmin center -> lon: -39.08333206176758, Center lat: 46.75
2020-02-24 22:48:13,496 - Training Data - INFO - +++++ Discarding image 16
2020-02-24 22:48:13,497 - Training Data - INFO - +++ Creating rectangles for cyclone with center (-41.916668, 45.833332) and diameter 64.39090893033529
2020-02-24 22:48:15,186 - Training Data - INFO - +++ Centering eddy towards a minima/maxima depending on eddy type
2020-02-24 22:48:15,186 - Training Data - INFO - +++ Argmax center -> lon: -42.0, Center lat: 45.5
2020-02-24 22:48:17,230 - Training Data - INFO - +++ Centering eddy towards a minima/maxima depending on eddy type
2020-02-24 22:48:17,231 - Training Data - INFO - +++ Argmax center -> lon: -42.0, Center lat: 45.33333206176758
2020-02-24 22:48:18,532 - Training Data - INFO - +++ Centering eddy towards a minima/maxima depending on eddy type
2020-02-24 22:48:18,533 - Training Data - INFO - +++ Argmax center -> lon: -42.0, Center lat: 45.33333206176758
2020-02-24 22:48:19,903 - Training Data - INFO - +++ Centering eddy towards a minima/maxima depending on eddy type
2020-02-24 22:48:19,904 - Training Data - INFO - +++ Argmax center -> lon: -42.0, Center lat: 45.33333206176758
2020-02-24 22:48:21,815 - Training Data - INFO - +++++ Discarding image 17
2020-02-24 22:48:21,815 - Training Data - INFO - +++++ Using average dimensions (10, 11) for non-eddy
2020-02-24 22:48:26,489 - Training Data - INFO - +++++ Saving noneddy
2020-02-24 22:48:33,537 - Training Data - INFO - +++++ Saving noneddy
2020-02-24 22:48:42,537 - Training Data - INFO - +++++ Saving noneddy
2020-02-24 22:48:45,659 - Training Data - INFO - +++++ Saving noneddy
2020-02-24 22:48:47,606 - Training Data - INFO - +++++ Saving noneddy
2020-02-24 22:48:52,123 - Training Data - INFO - +++++ Saving noneddy
2020-02-24 22:48:59,551 - Training Data - INFO - +++++ Saving noneddy
2020-02-24 22:48:59,551 - Training Data - INFO - Compressing and storing training data so far
