2020-02-24 16:18:05,517 - Training Data - INFO - loading netcdf
2020-02-24 16:18:05,983 - Training Data - INFO - Creating images for dataset 08-06-2016
2020-02-24 16:18:08,377 - Training Data - INFO - + Creating rectangles for 20 eddies
2020-02-24 16:18:08,378 - Training Data - INFO - +++ Creating rectangles for anticyclone with center (-41.833332, 51.0) and diameter 69.71732339505819
2020-02-24 16:18:08,379 - Training Data - INFO - +++++ Saving image 0 as an eddy
2020-02-24 16:18:08,387 - Training Data - INFO - +++ Creating rectangles for cyclone with center (-36.75, 47.166668) and diameter 61.0999329886758
2020-02-24 16:18:08,390 - Training Data - INFO - +++++ Saving image 1 as an eddy
2020-02-24 16:18:08,390 - Training Data - INFO - +++ Creating rectangles for cyclone with center (-20.583334, 59.666668) and diameter 85.20905498539179
2020-02-24 16:18:08,398 - Training Data - INFO - +++++ Saving image 2 as an eddy
2020-02-24 16:18:08,400 - Training Data - INFO - +++ Creating rectangles for anticyclone with center (-38.416668, 49.416668) and diameter 89.52322996697859
2020-02-24 16:18:08,400 - Training Data - INFO - +++++ Saving image 3 as an eddy
2020-02-24 16:18:08,407 - Training Data - INFO - +++ Creating rectangles for anticyclone with center (-37.166668, 49.25) and diameter 50.762888144373
2020-02-24 16:18:08,408 - Training Data - INFO - +++++ Saving image 4 as an eddy
2020-02-24 16:18:08,410 - Training Data - INFO - +++ Creating rectangles for cyclone with center (-38.0, 52.416668) and diameter 89.94822986686499
2020-02-24 16:18:08,410 - Training Data - INFO - +++++ Saving image 5 as an eddy
2020-02-24 16:18:08,419 - Training Data - INFO - +++ Creating rectangles for anticyclone with center (-36.416668, 49.5) and diameter 40.403888840057164
2020-02-24 16:18:08,420 - Training Data - INFO - +++++ Saving image 6 as an eddy
2020-02-24 16:18:08,428 - Training Data - INFO - +++ Creating rectangles for cyclone with center (-39.833332, 49.166668) and diameter 83.13777970574186
2020-02-24 16:18:08,430 - Training Data - INFO - +++++ Saving image 7 as an eddy
2020-02-24 16:18:08,430 - Training Data - INFO - +++ Creating rectangles for cyclone with center (-38.916668, 51.166668) and diameter 59.80509645669251
2020-02-24 16:18:08,439 - Training Data - INFO - +++++ Saving image 8 as an eddy
2020-02-24 16:18:08,441 - Training Data - INFO - +++ Creating rectangles for anticyclone with center (-34.083332, 49.666668) and diameter 58.35204040865518
2020-02-24 16:18:08,441 - Training Data - INFO - +++++ Saving image 9 as an eddy
2020-02-24 16:18:08,449 - Training Data - INFO - +++ Creating rectangles for anticyclone with center (-35.333332, 45.333332) and diameter 107.49951152260971
2020-02-24 16:18:08,451 - Training Data - INFO - +++++ Saving image 10 as an eddy
2020-02-24 16:18:08,451 - Training Data - INFO - +++ Creating rectangles for cyclone with center (-39.0, 46.666668) and diameter 46.61435085094317
2020-02-24 16:18:08,458 - Training Data - INFO - +++++ Saving image 11 as an eddy
2020-02-24 16:18:08,459 - Training Data - INFO - +++ Creating rectangles for anticyclone with center (-35.25, 51.416668) and diameter 48.12475908224911
2020-02-24 16:18:08,461 - Training Data - INFO - +++++ Saving image 12 as an eddy
2020-02-24 16:18:08,462 - Training Data - INFO - +++ Creating rectangles for cyclone with center (-42.0, 52.333332) and diameter 49.669842651947974
2020-02-24 16:18:08,470 - Training Data - INFO - +++++ Saving image 13 as an eddy
2020-02-24 16:18:08,471 - Training Data - INFO - +++ Creating rectangles for cyclone with center (-40.833332, 46.0) and diameter 104.45008505839253
2020-02-24 16:18:08,472 - Training Data - INFO - +++++ Saving image 14 as an eddy
2020-02-24 16:18:08,478 - Training Data - INFO - +++ Creating rectangles for anticyclone with center (-41.083332, 46.666668) and diameter 56.1020564589462
2020-02-24 16:18:08,479 - Training Data - INFO - +++++ Saving image 15 as an eddy
2020-02-24 16:18:08,480 - Training Data - INFO - +++ Creating rectangles for cyclone with center (-32.166668, 51.083332) and diameter 88.43285583469589
2020-02-24 16:18:08,482 - Training Data - INFO - +++++ Saving image 16 as an eddy
2020-02-24 16:18:08,483 - Training Data - INFO - +++ Creating rectangles for cyclone with center (-34.5, 49.833332) and diameter 40.26964464176704
2020-02-24 16:18:08,490 - Training Data - INFO - +++++ Saving image 17 as an eddy
2020-02-24 16:18:08,490 - Training Data - INFO - +++ Creating rectangles for anticyclone with center (-36.833332, 51.083332) and diameter 65.16359266604819
2020-02-24 16:18:08,491 - Training Data - INFO - +++++ Saving image 18 as an eddy
2020-02-24 16:18:08,492 - Training Data - INFO - +++ Creating rectangles for cyclone with center (-35.916668, 49.583332) and diameter 52.02508379399686
2020-02-24 16:18:08,493 - Training Data - INFO - +++++ Saving image 19 as an eddy
2020-02-24 16:18:08,509 - Training Data - INFO - +++++ Using average dimensions (16, 9) for non-eddy
