2020-02-24 22:58:04,643 - Training Data - INFO - loading netcdf
2020-02-24 22:58:05,227 - Training Data - INFO - Creating images for dataset 04-06-2016
2020-02-24 22:58:08,769 - Training Data - INFO - + Creating rectangles for 16 eddies
2020-02-24 22:58:08,769 - Training Data - INFO - +++ Creating rectangles for cyclone with center (-35.583332, 46.5) and diameter 76.83759024021211
2020-02-24 22:58:11,991 - Training Data - INFO - +++ Centering eddy towards a minima/maxima depending on eddy type
2020-02-24 22:58:11,991 - Training Data - INFO - +++ Argmax center -> lon: -36.08333206176758, Center lat: 46.08333206176758
2020-02-24 22:58:25,441 - Training Data - INFO - +++++ Saving image 0 as an eddy
2020-02-24 22:58:25,442 - Training Data - INFO - +++ Creating rectangles for anticyclone with center (-21.333334, 46.166668) and diameter 80.1685412600943
2020-02-24 22:58:29,505 - Training Data - INFO - +++++ Saving image 1 as an eddy
2020-02-24 22:58:29,506 - Training Data - INFO - +++ Creating rectangles for anticyclone with center (-41.75, 51.083332) and diameter 70.34551292643141
2020-02-24 22:58:32,260 - Training Data - INFO - +++ Centering eddy towards a minima/maxima depending on eddy type
2020-02-24 22:58:32,261 - Training Data - INFO - +++ Argmin center -> lon: -41.25, Center lat: 51.25
2020-02-24 22:58:39,747 - Training Data - INFO - +++ Decreasing lontitude by 1 cell in both directions to (5:13)
2020-02-24 22:58:46,210 - Training Data - INFO - +++ Decreasing lontitude by 1 cell in both directions to (6:12)
2020-02-24 22:58:50,849 - Training Data - INFO - +++++ Saving image 2 as an eddy
2020-02-24 22:58:50,849 - Training Data - INFO - +++ Creating rectangles for cyclone with center (-39.916668, 50.583332) and diameter 47.9987347814855
2020-02-24 22:58:56,175 - Training Data - INFO - +++ Centering eddy towards a minima/maxima depending on eddy type
2020-02-24 22:58:56,176 - Training Data - INFO - +++ Argmax center -> lon: -39.91666793823242, Center lat: 50.33333206176758
2020-02-24 22:58:57,488 - Training Data - INFO - +++++ Discarding image 3
2020-02-24 22:58:57,488 - Training Data - INFO - +++ Creating rectangles for anticyclone with center (-33.833332, 52.166668) and diameter 47.76387069217594
2020-02-24 22:59:08,878 - Training Data - INFO - +++ Decreasing lontitude by 1 cell in both directions to (89:107)
2020-02-24 22:59:10,522 - Training Data - INFO - +++ Decreasing lontitude by 1 cell in both directions to (90:106)
2020-02-24 22:59:11,956 - Training Data - INFO - +++ Decreasing lontitude by 1 cell in both directions to (91:105)
2020-02-24 22:59:13,430 - Training Data - INFO - +++ Decreasing lontitude by 1 cell in both directions to (92:104)
2020-02-24 22:59:15,500 - Training Data - INFO - +++ Decreasing lontitude by 1 cell in both directions to (93:103)
2020-02-24 22:59:22,593 - Training Data - INFO - +++++ Saving image 4 as an eddy
2020-02-24 22:59:22,594 - Training Data - INFO - +++ Creating rectangles for anticyclone with center (-36.583332, 51.0) and diameter 43.1257969635394
2020-02-24 22:59:24,718 - Training Data - INFO - +++ Centering eddy towards a minima/maxima depending on eddy type
2020-02-24 22:59:24,719 - Training Data - INFO - +++ Argmin center -> lon: -36.58333206176758, Center lat: 51.16666793823242
2020-02-24 22:59:27,366 - Training Data - INFO - +++ Centering eddy towards a minima/maxima depending on eddy type
2020-02-24 22:59:27,367 - Training Data - INFO - +++ Argmin center -> lon: -36.66666793823242, Center lat: 51.41666793823242
2020-02-24 22:59:30,483 - Training Data - INFO - +++ Increasing latitude by 1 cell in both directions to (73:81)
2020-02-24 22:59:31,728 - Training Data - INFO - +++ Increasing latitude by 1 cell in both directions to (72:82)
2020-02-24 22:59:32,987 - Training Data - INFO - +++ Increasing latitude by 1 cell in both directions to (71:83)
2020-02-24 22:59:34,390 - Training Data - INFO - +++ Increasing latitude by 1 cell in both directions to (70:84)
2020-02-24 22:59:36,121 - Training Data - INFO - +++ Increasing latitude by 1 cell in both directions to (69:85)
2020-02-24 22:59:37,396 - Training Data - INFO - +++ Increasing latitude by 1 cell in both directions to (68:86)
2020-02-24 22:59:40,602 - Training Data - INFO - +++ Centering eddy towards a minima/maxima depending on eddy type
2020-02-24 22:59:40,603 - Training Data - INFO - +++ Argmin center -> lon: -36.58333206176758, Center lat: 51.58333206176758
2020-02-24 23:00:01,141 - Training Data - INFO - +++++ Saving image 5 as an eddy
2020-02-24 23:00:01,142 - Training Data - INFO - +++ Creating rectangles for cyclone with center (-41.5, 49.25) and diameter 31.63527177223316
2020-02-24 23:00:03,464 - Training Data - INFO - +++ Centering eddy towards a minima/maxima depending on eddy type
2020-02-24 23:00:03,465 - Training Data - INFO - +++ Argmax center -> lon: -41.41666793823242, Center lat: 49.25
2020-02-24 23:00:05,760 - Training Data - INFO - +++ Centering eddy towards a minima/maxima depending on eddy type
2020-02-24 23:00:05,761 - Training Data - INFO - +++ Argmax center -> lon: -41.41666793823242, Center lat: 49.25
2020-02-24 23:00:08,035 - Training Data - INFO - +++ Increasing latitude by 1 cell in both directions to (48:54)
2020-02-24 23:00:10,099 - Training Data - INFO - +++ Increasing latitude by 1 cell in both directions to (47:55)
2020-02-24 23:00:12,244 - Training Data - INFO - +++ Increasing latitude by 1 cell in both directions to (46:56)
2020-02-24 23:00:14,901 - Training Data - INFO - +++++ Saving image 6 as an eddy
2020-02-24 23:00:14,902 - Training Data - INFO - +++ Creating rectangles for cyclone with center (-37.833332, 47.166668) and diameter 68.46476927959932
2020-02-24 23:00:18,730 - Training Data - INFO - +++ Centering eddy towards a minima/maxima depending on eddy type
2020-02-24 23:00:18,731 - Training Data - INFO - +++ Argmax center -> lon: -38.16666793823242, Center lat: 46.83333206176758
2020-02-24 23:00:20,704 - Training Data - INFO - +++ Centering eddy towards a minima/maxima depending on eddy type
2020-02-24 23:00:20,705 - Training Data - INFO - +++ Argmax center -> lon: -38.5, Center lat: 46.75
2020-02-24 23:00:22,175 - Training Data - INFO - +++ Centering eddy towards a minima/maxima depending on eddy type
2020-02-24 23:00:22,176 - Training Data - INFO - +++ Argmax center -> lon: -38.83333206176758, Center lat: 46.91666793823242
2020-02-24 23:00:27,819 - Training Data - INFO - +++ Centering eddy towards a minima/maxima depending on eddy type
2020-02-24 23:00:27,820 - Training Data - INFO - +++ Argmax center -> lon: -39.0, Center lat: 47.0
2020-02-24 23:00:31,964 - Training Data - INFO - +++ Centering eddy towards a minima/maxima depending on eddy type
2020-02-24 23:00:31,965 - Training Data - INFO - +++ Argmax center -> lon: -39.0, Center lat: 47.0
2020-02-24 23:00:36,255 - Training Data - INFO - +++++ Discarding image 7
2020-02-24 23:00:36,256 - Training Data - INFO - +++ Creating rectangles for anticyclone with center (-35.166668, 51.583332) and diameter 43.59771976958328
2020-02-24 23:00:38,888 - Training Data - INFO - +++ Centering eddy towards a minima/maxima depending on eddy type
2020-02-24 23:00:38,888 - Training Data - INFO - +++ Argmin center -> lon: -35.08333206176758, Center lat: 51.66666793823242
2020-02-24 23:00:40,685 - Training Data - INFO - +++ Centering eddy towards a minima/maxima depending on eddy type
2020-02-24 23:00:40,686 - Training Data - INFO - +++ Argmin center -> lon: -35.08333206176758, Center lat: 51.66666793823242
2020-02-24 23:00:50,276 - Training Data - INFO - +++ Decreasing latitude by 1 cell in both directions to (78:82)
2020-02-24 23:00:53,873 - Training Data - INFO - +++ Decreasing lontitude by 1 cell in both directions to (72:94)
2020-02-24 23:00:55,318 - Training Data - INFO - +++ Decreasing lontitude by 1 cell in both directions to (73:93)
2020-02-24 23:00:56,947 - Training Data - INFO - +++ Decreasing lontitude by 1 cell in both directions to (74:92)
2020-02-24 23:01:03,146 - Training Data - INFO - +++++ Discarding image 8
2020-02-24 23:01:03,147 - Training Data - INFO - +++ Creating rectangles for cyclone with center (-20.75, 59.75) and diameter 89.14385120710789
2020-02-24 23:01:04,984 - Training Data - INFO - +++++ Saving image 9 as an eddy
2020-02-24 23:01:04,985 - Training Data - INFO - +++ Creating rectangles for cyclone with center (-41.0, 45.25) and diameter 24.841076383115738
2020-02-24 23:01:07,040 - Training Data - INFO - +++ Centering eddy towards a minima/maxima depending on eddy type
2020-02-24 23:01:07,041 - Training Data - INFO - +++ Argmax center -> lon: -41.08333206176758, Center lat: 45.33333206176758
2020-02-24 23:01:09,969 - Training Data - INFO - +++ Increasing latitude by 1 cell in both directions to (2:6)
2020-02-24 23:01:11,868 - Training Data - INFO - +++ Increasing latitude by 1 cell in both directions to (1:7)
2020-02-24 23:01:15,379 - Training Data - INFO - +++++ Saving image 10 as an eddy
2020-02-24 23:01:15,380 - Training Data - INFO - +++ Creating rectangles for anticyclone with center (-33.75, 49.916668) and diameter 56.30416140222557
2020-02-24 23:01:23,488 - Training Data - INFO - +++ Centering eddy towards a minima/maxima depending on eddy type
2020-02-24 23:01:23,488 - Training Data - INFO - +++ Argmin center -> lon: -33.66666793823242, Center lat: 49.83333206176758
2020-02-24 23:01:25,803 - Training Data - INFO - +++ Centering eddy towards a minima/maxima depending on eddy type
2020-02-24 23:01:25,804 - Training Data - INFO - +++ Argmin center -> lon: -33.66666793823242, Center lat: 49.83333206176758
2020-02-24 23:01:32,534 - Training Data - INFO - +++ Increasing lontitude by 1 cell in both directions to (95:105)
2020-02-24 23:01:34,415 - Training Data - INFO - +++ Increasing lontitude by 1 cell in both directions to (94:106)
2020-02-24 23:01:42,318 - Training Data - INFO - +++++ Discarding image 11
2020-02-24 23:01:42,319 - Training Data - INFO - +++ Creating rectangles for cyclone with center (-41.833332, 52.5) and diameter 38.39015529523153
2020-02-24 23:01:45,075 - Training Data - INFO - +++ Centering eddy towards a minima/maxima depending on eddy type
2020-02-24 23:01:45,075 - Training Data - INFO - +++ Argmax center -> lon: -42.0, Center lat: 52.5
2020-02-24 23:01:49,018 - Training Data - INFO - +++++ Discarding image 12
2020-02-24 23:01:49,019 - Training Data - INFO - +++ Creating rectangles for anticyclone with center (-38.583332, 48.083332) and diameter 79.09434007949181
2020-02-24 23:01:53,578 - Training Data - INFO - +++ Centering eddy towards a minima/maxima depending on eddy type
2020-02-24 23:01:53,579 - Training Data - INFO - +++ Argmin center -> lon: -38.5, Center lat: 48.08333206176758
2020-02-24 23:01:57,983 - Training Data - INFO - +++++ Discarding image 13
2020-02-24 23:01:57,984 - Training Data - INFO - +++ Creating rectangles for anticyclone with center (-25.083334, 51.833332) and diameter 51.37992398313509
2020-02-24 23:02:00,575 - Training Data - INFO - +++++ Discarding image 14
2020-02-24 23:02:00,576 - Training Data - INFO - +++ Creating rectangles for cyclone with center (-32.0, 49.416668) and diameter 56.631480399784934
2020-02-24 23:02:04,099 - Training Data - INFO - +++++ Saving image 15 as an eddy
2020-02-24 23:02:04,099 - Training Data - INFO - +++++ Using average dimensions (11, 10) for non-eddy
2020-02-24 23:02:11,069 - Training Data - INFO - +++++ Saving noneddy
2020-02-24 23:02:20,996 - Training Data - INFO - +++++ Saving noneddy
2020-02-24 23:02:41,270 - Training Data - INFO - +++++ Saving noneddy
2020-02-24 23:02:47,223 - Training Data - INFO - +++++ Saving noneddy
2020-02-24 23:02:50,522 - Training Data - INFO - +++++ Saving noneddy
2020-02-24 23:02:53,053 - Training Data - INFO - +++++ Saving noneddy
2020-02-24 23:02:59,251 - Training Data - INFO - +++++ Saving noneddy
2020-02-24 23:03:12,090 - Training Data - INFO - +++++ Saving noneddy
2020-02-24 23:03:15,593 - Training Data - INFO - +++++ Saving noneddy
2020-02-24 23:03:15,594 - Training Data - INFO - Compressing and storing training data so far
2020-02-24 23:03:15,724 - Training Data - INFO - Creating images for dataset 13-05-2016
2020-02-24 23:03:18,968 - Training Data - INFO - + Creating rectangles for 15 eddies
2020-02-24 23:03:18,969 - Training Data - INFO - +++ Creating rectangles for cyclone with center (-40.583332, 50.416668) and diameter 147.24404123720137
2020-02-24 23:03:26,295 - Training Data - INFO - +++ Decreasing latitude by 1 cell in both directions to (56:74)
2020-02-24 23:03:28,372 - Training Data - INFO - +++ Decreasing latitude by 1 cell in both directions to (57:73)
2020-02-24 23:03:30,082 - Training Data - INFO - +++ Decreasing latitude by 1 cell in both directions to (58:72)
2020-02-24 23:03:33,460 - Training Data - INFO - +++ Centering eddy towards a minima/maxima depending on eddy type
2020-02-24 23:03:33,460 - Training Data - INFO - +++ Argmax center -> lon: -40.66666793823242, Center lat: 50.08333206176758
2020-02-24 23:03:38,197 - Training Data - INFO - +++++ Saving image 0 as an eddy
2020-02-24 23:03:38,199 - Training Data - INFO - +++ Creating rectangles for anticyclone with center (-40.0, 46.833332) and diameter 34.58695983414864
2020-02-24 23:03:42,271 - Training Data - INFO - +++ Centering eddy towards a minima/maxima depending on eddy type
2020-02-24 23:03:42,271 - Training Data - INFO - +++ Argmin center -> lon: -40.16666793823242, Center lat: 47.0
2020-02-24 23:03:43,674 - Training Data - INFO - +++ Centering eddy towards a minima/maxima depending on eddy type
2020-02-24 23:03:43,675 - Training Data - INFO - +++ Argmin center -> lon: -40.33333206176758, Center lat: 47.16666793823242
2020-02-24 23:03:44,996 - Training Data - INFO - +++ Centering eddy towards a minima/maxima depending on eddy type
2020-02-24 23:03:44,996 - Training Data - INFO - +++ Argmin center -> lon: -40.5, Center lat: 47.16666793823242
2020-02-24 23:03:46,764 - Training Data - INFO - +++ Centering eddy towards a minima/maxima depending on eddy type
2020-02-24 23:03:46,764 - Training Data - INFO - +++ Argmin center -> lon: -40.66666793823242, Center lat: 47.08333206176758
2020-02-24 23:03:48,460 - Training Data - INFO - +++ Centering eddy towards a minima/maxima depending on eddy type
2020-02-24 23:03:48,460 - Training Data - INFO - +++ Argmin center -> lon: -40.83333206176758, Center lat: 47.08333206176758
2020-02-24 23:03:50,635 - Training Data - INFO - +++ Centering eddy towards a minima/maxima depending on eddy type
2020-02-24 23:03:50,636 - Training Data - INFO - +++ Argmin center -> lon: -40.91666793823242, Center lat: 47.0
2020-02-24 23:03:52,784 - Training Data - INFO - +++ Increasing latitude by 1 cell in both directions to (21:27)
2020-02-24 23:03:54,075 - Training Data - INFO - +++ Increasing latitude by 1 cell in both directions to (20:28)
2020-02-24 23:03:55,341 - Training Data - INFO - +++ Increasing latitude by 1 cell in both directions to (19:29)
2020-02-24 23:03:58,501 - Training Data - INFO - +++ Increasing lontitude by 1 cell in both directions to (10:16)
2020-02-24 23:03:59,629 - Training Data - INFO - +++ Increasing lontitude by 1 cell in both directions to (9:17)
2020-02-24 23:04:00,641 - Training Data - INFO - +++ Increasing lontitude by 1 cell in both directions to (8:18)
2020-02-24 23:04:03,581 - Training Data - INFO - +++ Increasing lontitude by 1 cell in both directions to (7:19)
2020-02-24 23:04:06,801 - Training Data - INFO - +++++ Saving image 1 as an eddy
2020-02-24 23:04:06,802 - Training Data - INFO - +++ Creating rectangles for anticyclone with center (-28.333334, 49.833332) and diameter 57.06426443265726
2020-02-24 23:04:10,728 - Training Data - INFO - +++++ Saving image 2 as an eddy
2020-02-24 23:04:10,729 - Training Data - INFO - +++ Creating rectangles for anticyclone with center (-35.416668, 50.0) and diameter 60.95170922070481
2020-02-24 23:04:13,316 - Training Data - INFO - +++ Centering eddy towards a minima/maxima depending on eddy type
2020-02-24 23:04:13,317 - Training Data - INFO - +++ Argmin center -> lon: -35.41666793823242, Center lat: 50.16666793823242
2020-02-24 23:04:15,261 - Training Data - INFO - +++ Centering eddy towards a minima/maxima depending on eddy type
2020-02-24 23:04:15,261 - Training Data - INFO - +++ Argmin center -> lon: -35.41666793823242, Center lat: 50.16666793823242
2020-02-24 23:04:17,025 - Training Data - INFO - +++++ Discarding image 3
2020-02-24 23:04:17,026 - Training Data - INFO - +++ Creating rectangles for anticyclone with center (-30.5, 50.75) and diameter 48.57380498857472
2020-02-24 23:04:19,642 - Training Data - INFO - +++ Centering eddy towards a minima/maxima depending on eddy type
2020-02-24 23:04:19,643 - Training Data - INFO - +++ Argmin center -> lon: -30.75, Center lat: 50.66666793823242
2020-02-24 23:04:22,980 - Training Data - INFO - +++++ Discarding image 4
2020-02-24 23:04:22,981 - Training Data - INFO - +++ Creating rectangles for anticyclone with center (-39.083332, 45.583332) and diameter 57.43090377518893
2020-02-24 23:04:25,200 - Training Data - INFO - +++++ Discarding image 5
2020-02-24 23:04:25,201 - Training Data - INFO - +++ Creating rectangles for anticyclone with center (-42.0, 48.583332) and diameter 105.68685704283959
2020-02-24 23:04:27,333 - Training Data - INFO - +++ Centering eddy towards a minima/maxima depending on eddy type
2020-02-24 23:04:27,335 - Training Data - INFO - +++ Argmin center -> lon: -42.0, Center lat: 48.58333206176758
2020-02-24 23:04:30,054 - Training Data - INFO - +++++ Discarding image 6
2020-02-24 23:04:30,055 - Training Data - INFO - +++ Creating rectangles for cyclone with center (-39.833332, 45.5) and diameter 56.15676078079989
2020-02-24 23:04:38,627 - Training Data - INFO - +++ Decreasing lontitude by 1 cell in both directions to (1:99)
2020-02-24 23:04:39,747 - Training Data - INFO - +++ Decreasing lontitude by 1 cell in both directions to (2:98)
2020-02-24 23:04:40,924 - Training Data - INFO - +++ Decreasing lontitude by 1 cell in both directions to (3:97)
2020-02-24 23:04:42,029 - Training Data - INFO - +++ Decreasing lontitude by 1 cell in both directions to (4:96)
2020-02-24 23:04:43,176 - Training Data - INFO - +++ Decreasing lontitude by 1 cell in both directions to (5:95)
2020-02-24 23:04:44,546 - Training Data - INFO - +++ Decreasing lontitude by 1 cell in both directions to (6:94)
2020-02-24 23:04:45,613 - Training Data - INFO - +++ Decreasing lontitude by 1 cell in both directions to (7:93)
2020-02-24 23:04:46,618 - Training Data - INFO - +++ Decreasing lontitude by 1 cell in both directions to (8:92)
2020-02-24 23:04:48,721 - Training Data - INFO - +++ Centering eddy towards a minima/maxima depending on eddy type
2020-02-24 23:04:48,721 - Training Data - INFO - +++ Argmax center -> lon: -39.91666793823242, Center lat: 45.5
2020-02-24 23:04:57,414 - Training Data - INFO - +++ Centering eddy towards a minima/maxima depending on eddy type
2020-02-24 23:04:57,415 - Training Data - INFO - +++ Argmax center -> lon: -39.91666793823242, Center lat: 45.5
2020-02-24 23:04:59,653 - Training Data - INFO - +++ Centering eddy towards a minima/maxima depending on eddy type
2020-02-24 23:04:59,654 - Training Data - INFO - +++ Argmax center -> lon: -39.91666793823242, Center lat: 45.5
2020-02-24 23:05:02,622 - Training Data - INFO - +++ Decreasing lontitude by 1 cell in both directions to (1:53)
2020-02-24 23:05:03,760 - Training Data - INFO - +++ Decreasing lontitude by 1 cell in both directions to (2:52)
2020-02-24 23:05:04,847 - Training Data - INFO - +++ Decreasing lontitude by 1 cell in both directions to (3:51)
2020-02-24 23:05:05,871 - Training Data - INFO - +++ Decreasing lontitude by 1 cell in both directions to (4:50)
2020-02-24 23:05:06,725 - Training Data - INFO - +++ Decreasing lontitude by 1 cell in both directions to (5:49)
2020-02-24 23:05:07,536 - Training Data - INFO - +++ Decreasing lontitude by 1 cell in both directions to (6:48)
2020-02-24 23:05:08,574 - Training Data - INFO - +++ Decreasing lontitude by 1 cell in both directions to (7:47)
2020-02-24 23:05:10,448 - Training Data - INFO - +++ Decreasing lontitude by 1 cell in both directions to (8:46)
2020-02-24 23:05:11,714 - Training Data - INFO - +++ Decreasing lontitude by 1 cell in both directions to (9:45)
2020-02-24 23:05:12,996 - Training Data - INFO - +++ Decreasing lontitude by 1 cell in both directions to (10:44)
2020-02-24 23:05:14,255 - Training Data - INFO - +++ Decreasing lontitude by 1 cell in both directions to (11:43)
2020-02-24 23:05:15,489 - Training Data - INFO - +++ Decreasing lontitude by 1 cell in both directions to (12:42)
2020-02-24 23:05:16,655 - Training Data - INFO - +++ Decreasing lontitude by 1 cell in both directions to (13:41)
2020-02-24 23:05:17,947 - Training Data - INFO - +++ Decreasing lontitude by 1 cell in both directions to (14:40)
2020-02-24 23:05:19,029 - Training Data - INFO - +++ Decreasing lontitude by 1 cell in both directions to (15:39)
2020-02-24 23:05:20,134 - Training Data - INFO - +++ Decreasing lontitude by 1 cell in both directions to (16:38)
2020-02-24 23:05:21,186 - Training Data - INFO - +++ Decreasing lontitude by 1 cell in both directions to (17:37)
2020-02-24 23:05:22,351 - Training Data - INFO - +++ Decreasing lontitude by 1 cell in both directions to (18:36)
2020-02-24 23:05:23,830 - Training Data - INFO - +++ Decreasing lontitude by 1 cell in both directions to (19:35)
2020-02-24 23:05:24,989 - Training Data - INFO - +++ Decreasing lontitude by 1 cell in both directions to (20:34)
2020-02-24 23:05:26,789 - Training Data - INFO - +++ Centering eddy towards a minima/maxima depending on eddy type
2020-02-24 23:05:26,790 - Training Data - INFO - +++ Argmax center -> lon: -39.91666793823242, Center lat: 45.5
2020-02-24 23:05:30,474 - Training Data - INFO - +++ Decreasing lontitude by 1 cell in both directions to (19:31)
2020-02-24 23:05:33,454 - Training Data - INFO - +++ Decreasing lontitude by 1 cell in both directions to (20:30)
2020-02-24 23:05:34,898 - Training Data - INFO - +++ Decreasing lontitude by 1 cell in both directions to (21:29)
2020-02-24 23:05:37,990 - Training Data - INFO - +++++ Saving image 7 as an eddy
2020-02-24 23:05:37,991 - Training Data - INFO - +++ Creating rectangles for anticyclone with center (-41.666668, 52.5) and diameter 49.70163883759611
2020-02-24 23:05:39,922 - Training Data - INFO - +++ Centering eddy towards a minima/maxima depending on eddy type
2020-02-24 23:05:39,923 - Training Data - INFO - +++ Argmin center -> lon: -41.25, Center lat: 52.5
2020-02-24 23:05:44,036 - Training Data - INFO - +++++ Discarding image 8
2020-02-24 23:05:44,037 - Training Data - INFO - +++ Creating rectangles for anticyclone with center (-32.416668, 50.916668) and diameter 20.364221777926574
2020-02-24 23:05:46,389 - Training Data - INFO - +++ Centering eddy towards a minima/maxima depending on eddy type
2020-02-24 23:05:46,390 - Training Data - INFO - +++ Argmin center -> lon: -32.33333206176758, Center lat: 50.91666793823242
2020-02-24 23:05:48,939 - Training Data - INFO - +++++ Discarding image 9
2020-02-24 23:05:48,940 - Training Data - INFO - +++ Creating rectangles for cyclone with center (-39.416668, 46.0) and diameter 49.311333012414686
2020-02-24 23:05:56,853 - Training Data - INFO - +++ Centering eddy towards a minima/maxima depending on eddy type
2020-02-24 23:05:56,854 - Training Data - INFO - +++ Argmax center -> lon: -39.41666793823242, Center lat: 45.91666793823242
2020-02-24 23:05:59,944 - Training Data - INFO - +++ Centering eddy towards a minima/maxima depending on eddy type
2020-02-24 23:05:59,945 - Training Data - INFO - +++ Argmax center -> lon: -40.0, Center lat: 45.66666793823242
2020-02-24 23:06:01,691 - Training Data - INFO - +++ Centering eddy towards a minima/maxima depending on eddy type
2020-02-24 23:06:01,691 - Training Data - INFO - +++ Argmax center -> lon: -39.91666793823242, Center lat: 45.5
2020-02-24 23:06:05,170 - Training Data - INFO - +++++ Saving image 10 as an eddy
2020-02-24 23:06:05,171 - Training Data - INFO - +++ Creating rectangles for cyclone with center (-32.5, 50.666668) and diameter 27.656609809946392
2020-02-24 23:06:08,545 - Training Data - INFO - +++ Centering eddy towards a minima/maxima depending on eddy type
2020-02-24 23:06:08,546 - Training Data - INFO - +++ Argmax center -> lon: -32.66666793823242, Center lat: 50.75
2020-02-24 23:06:10,809 - Training Data - INFO - +++++ Discarding image 11
2020-02-24 23:06:10,810 - Training Data - INFO - +++ Creating rectangles for anticyclone with center (-37.333332, 51.583332) and diameter 45.99443077643865
2020-02-24 23:06:15,273 - Training Data - INFO - +++ Centering eddy towards a minima/maxima depending on eddy type
2020-02-24 23:06:15,274 - Training Data - INFO - +++ Argmin center -> lon: -36.41666793823242, Center lat: 51.58333206176758
2020-02-24 23:06:19,604 - Training Data - INFO - +++ Increasing latitude by 1 cell in both directions to (75:83)
2020-02-24 23:06:23,614 - Training Data - INFO - +++ Increasing latitude by 1 cell in both directions to (74:84)
2020-02-24 23:06:25,142 - Training Data - INFO - +++ Increasing latitude by 1 cell in both directions to (73:85)
2020-02-24 23:06:26,355 - Training Data - INFO - +++ Increasing latitude by 1 cell in both directions to (72:86)
2020-02-24 23:06:29,291 - Training Data - INFO - +++ Centering eddy towards a minima/maxima depending on eddy type
2020-02-24 23:06:29,292 - Training Data - INFO - +++ Argmin center -> lon: -36.41666793823242, Center lat: 51.58333206176758
2020-02-24 23:06:36,329 - Training Data - INFO - +++ Decreasing latitude by 1 cell in both directions to (73:85)
2020-02-24 23:06:37,191 - Training Data - INFO - +++ Decreasing latitude by 1 cell in both directions to (74:84)
2020-02-24 23:06:38,102 - Training Data - INFO - +++ Decreasing latitude by 1 cell in both directions to (75:83)
2020-02-24 23:06:38,930 - Training Data - INFO - +++ Decreasing latitude by 1 cell in both directions to (76:82)
2020-02-24 23:06:39,976 - Training Data - INFO - +++ Decreasing latitude by 1 cell in both directions to (77:81)
2020-02-24 23:06:42,639 - Training Data - INFO - +++ Decreasing lontitude by 1 cell in both directions to (56:78)
2020-02-24 23:06:43,834 - Training Data - INFO - +++ Decreasing lontitude by 1 cell in both directions to (57:77)
2020-02-24 23:06:45,271 - Training Data - INFO - +++ Decreasing lontitude by 1 cell in both directions to (58:76)
2020-02-24 23:06:46,367 - Training Data - INFO - +++ Decreasing lontitude by 1 cell in both directions to (59:75)
2020-02-24 23:06:50,333 - Training Data - INFO - +++ Centering eddy towards a minima/maxima depending on eddy type
2020-02-24 23:06:50,334 - Training Data - INFO - +++ Argmin center -> lon: -36.41666793823242, Center lat: 51.58333206176758
2020-02-24 23:06:53,855 - Training Data - INFO - +++++ Discarding image 12
2020-02-24 23:06:53,869 - Training Data - INFO - +++ Creating rectangles for anticyclone with center (-21.916666, 58.5) and diameter 21.400425110765976
2020-02-24 23:06:58,699 - Training Data - INFO - +++ Centering eddy towards a minima/maxima depending on eddy type
2020-02-24 23:06:58,700 - Training Data - INFO - +++ Argmin center -> lon: -22.25, Center lat: 58.58333206176758
2020-02-24 23:07:04,252 - Training Data - INFO - +++++ Discarding image 13
2020-02-24 23:07:04,253 - Training Data - INFO - +++ Creating rectangles for anticyclone with center (-29.833334, 51.583332) and diameter 42.89582248795171
2020-02-24 23:07:07,224 - Training Data - INFO - +++++ Discarding image 14
2020-02-24 23:07:07,225 - Training Data - INFO - +++++ Using average dimensions (13, 9) for non-eddy
2020-02-24 23:07:09,935 - Training Data - INFO - +++++ Saving noneddy
2020-02-24 23:07:20,907 - Training Data - INFO - +++++ Saving noneddy
2020-02-24 23:07:32,676 - Training Data - INFO - +++++ Saving noneddy
2020-02-24 23:07:34,798 - Training Data - INFO - +++++ Saving noneddy
2020-02-24 23:07:39,521 - Training Data - INFO - +++++ Saving noneddy
2020-02-24 23:07:39,521 - Training Data - INFO - Compressing and storing training data so far
2020-02-24 23:07:39,558 - Training Data - INFO - Creating images for dataset 22-03-2016
2020-02-24 23:07:42,529 - Training Data - INFO - + Creating rectangles for 14 eddies
2020-02-24 23:07:42,529 - Training Data - INFO - +++ Creating rectangles for anticyclone with center (-36.5, 50.0) and diameter 32.53233544524761
2020-02-24 23:07:44,698 - Training Data - INFO - +++ Centering eddy towards a minima/maxima depending on eddy type
2020-02-24 23:07:44,699 - Training Data - INFO - +++ Argmin center -> lon: -36.33333206176758, Center lat: 50.0
2020-02-24 23:07:48,929 - Training Data - INFO - +++ Increasing lontitude by 1 cell in both directions to (65:71)
2020-02-24 23:07:50,404 - Training Data - INFO - +++ Increasing lontitude by 1 cell in both directions to (64:72)
2020-02-24 23:07:52,930 - Training Data - INFO - +++++ Discarding image 0
2020-02-24 23:07:52,931 - Training Data - INFO - +++ Creating rectangles for cyclone with center (-23.5, 58.833332) and diameter 35.34647378670624
2020-02-24 23:07:56,833 - Training Data - INFO - +++ Increasing latitude by 1 cell in both directions to (163:169)
2020-02-24 23:07:58,000 - Training Data - INFO - +++ Increasing latitude by 1 cell in both directions to (162:170)
2020-02-24 23:08:00,482 - Training Data - INFO - +++ Increasing lontitude by 1 cell in both directions to (218:226)
2020-02-24 23:08:01,611 - Training Data - INFO - +++ Increasing lontitude by 1 cell in both directions to (217:227)
2020-02-24 23:08:02,786 - Training Data - INFO - +++ Increasing lontitude by 1 cell in both directions to (216:228)
2020-02-24 23:08:08,673 - Training Data - INFO - +++++ Discarding image 1
2020-02-24 23:08:08,674 - Training Data - INFO - +++ Creating rectangles for anticyclone with center (-41.25, 49.333332) and diameter 57.922274093795835
2020-02-24 23:08:11,126 - Training Data - INFO - +++ Centering eddy towards a minima/maxima depending on eddy type
2020-02-24 23:08:11,127 - Training Data - INFO - +++ Argmin center -> lon: -41.75, Center lat: 49.66666793823242
2020-02-24 23:08:15,914 - Training Data - INFO - +++ Centering eddy towards a minima/maxima depending on eddy type
2020-02-24 23:08:15,915 - Training Data - INFO - +++ Argmin center -> lon: -42.0, Center lat: 49.83333206176758
2020-02-24 23:08:17,537 - Training Data - INFO - +++ Centering eddy towards a minima/maxima depending on eddy type
2020-02-24 23:08:17,538 - Training Data - INFO - +++ Argmin center -> lon: -42.0, Center lat: 49.83333206176758
2020-02-24 23:08:20,347 - Training Data - INFO - +++++ Discarding image 2
2020-02-24 23:08:20,349 - Training Data - INFO - +++ Creating rectangles for anticyclone with center (-41.25, 46.25) and diameter 85.10021770502628
2020-02-24 23:08:22,710 - Training Data - INFO - +++ Centering eddy towards a minima/maxima depending on eddy type
2020-02-24 23:08:22,711 - Training Data - INFO - +++ Argmin center -> lon: -41.66666793823242, Center lat: 46.75
2020-02-24 23:08:24,446 - Training Data - INFO - +++ Centering eddy towards a minima/maxima depending on eddy type
2020-02-24 23:08:24,446 - Training Data - INFO - +++ Argmin center -> lon: -41.66666793823242, Center lat: 46.75
2020-02-24 23:08:26,962 - Training Data - INFO - +++++ Saving image 3 as an eddy
2020-02-24 23:08:26,965 - Training Data - INFO - +++ Creating rectangles for anticyclone with center (-31.916666, 50.75) and diameter 36.319374098392544
2020-02-24 23:08:29,327 - Training Data - INFO - +++ Centering eddy towards a minima/maxima depending on eddy type
2020-02-24 23:08:29,328 - Training Data - INFO - +++ Argmin center -> lon: -31.83333396911621, Center lat: 50.75
2020-02-24 23:08:32,050 - Training Data - INFO - +++++ Discarding image 4
2020-02-24 23:08:32,051 - Training Data - INFO - +++ Creating rectangles for anticyclone with center (-19.916666, 50.25) and diameter 75.14549981744865
2020-02-24 23:08:33,954 - Training Data - INFO - +++ Centering eddy towards a minima/maxima depending on eddy type
2020-02-24 23:08:33,955 - Training Data - INFO - +++ Argmin center -> lon: -20.08333396911621, Center lat: 50.25
2020-02-24 23:08:41,917 - Training Data - INFO - +++++ Saving image 5 as an eddy
2020-02-24 23:08:41,918 - Training Data - INFO - +++ Creating rectangles for anticyclone with center (-38.916668, 48.416668) and diameter 19.07449280302577
2020-02-24 23:08:43,887 - Training Data - INFO - +++ Centering eddy towards a minima/maxima depending on eddy type
2020-02-24 23:08:43,888 - Training Data - INFO - +++ Argmin center -> lon: -38.83333206176758, Center lat: 48.5
2020-02-24 23:08:46,312 - Training Data - INFO - +++++ Discarding image 6
2020-02-24 23:08:46,313 - Training Data - INFO - +++ Creating rectangles for anticyclone with center (-38.0, 47.333332) and diameter 70.65019678722769
2020-02-24 23:08:48,189 - Training Data - INFO - +++ Centering eddy towards a minima/maxima depending on eddy type
2020-02-24 23:08:48,190 - Training Data - INFO - +++ Argmin center -> lon: -38.08333206176758, Center lat: 47.5
2020-02-24 23:08:52,167 - Training Data - INFO - +++++ Discarding image 7
2020-02-24 23:08:52,168 - Training Data - INFO - +++ Creating rectangles for anticyclone with center (-16.0, 50.416668) and diameter 25.064097037869743
2020-02-24 23:08:54,081 - Training Data - INFO - +++ Centering eddy towards a minima/maxima depending on eddy type
2020-02-24 23:08:54,082 - Training Data - INFO - +++ Argmin center -> lon: -15.916666984558105, Center lat: 50.5
2020-02-24 23:08:56,480 - Training Data - INFO - +++ Centering eddy towards a minima/maxima depending on eddy type
2020-02-24 23:08:56,481 - Training Data - INFO - +++ Argmin center -> lon: -15.916666984558105, Center lat: 50.58333206176758
2020-02-24 23:08:58,433 - Training Data - INFO - +++++ Discarding image 8
2020-02-24 23:08:58,434 - Training Data - INFO - +++ Creating rectangles for anticyclone with center (-40.583332, 45.0) and diameter 71.31066228756733
2020-02-24 23:09:00,404 - Training Data - INFO - +++ Centering eddy towards a minima/maxima depending on eddy type
2020-02-24 23:09:00,404 - Training Data - INFO - +++ Argmin center -> lon: -40.5, Center lat: 45.0
2020-02-24 23:09:02,376 - Training Data - INFO - +++ Centering eddy towards a minima/maxima depending on eddy type
2020-02-24 23:09:02,377 - Training Data - INFO - +++ Argmin center -> lon: -40.5, Center lat: 45.0
2020-02-24 23:09:04,899 - Training Data - INFO - +++++ Discarding image 9
2020-02-24 23:09:04,902 - Training Data - INFO - +++ Creating rectangles for cyclone with center (-37.166668, 50.083332) and diameter 110.70351400888661
2020-02-24 23:09:07,960 - Training Data - INFO - +++++ Saving image 10 as an eddy
2020-02-24 23:09:07,962 - Training Data - INFO - +++ Creating rectangles for anticyclone with center (-37.0, 48.0) and diameter 76.8980146031115
2020-02-24 23:09:09,743 - Training Data - INFO - +++ Centering eddy towards a minima/maxima depending on eddy type
2020-02-24 23:09:09,744 - Training Data - INFO - +++ Argmin center -> lon: -37.25, Center lat: 48.0
2020-02-24 23:09:14,575 - Training Data - INFO - +++ Decreasing latitude by 1 cell in both directions to (32:40)
2020-02-24 23:09:15,869 - Training Data - INFO - +++ Decreasing latitude by 1 cell in both directions to (33:39)
2020-02-24 23:09:19,669 - Training Data - INFO - +++ Centering eddy towards a minima/maxima depending on eddy type
2020-02-24 23:09:19,670 - Training Data - INFO - +++ Argmin center -> lon: -37.25, Center lat: 48.0
2020-02-24 23:09:22,580 - Training Data - INFO - +++ Decreasing lontitude by 1 cell in both directions to (50:64)
2020-02-24 23:09:25,628 - Training Data - INFO - +++++ Saving image 11 as an eddy
2020-02-24 23:09:25,629 - Training Data - INFO - +++ Creating rectangles for cyclone with center (-31.583334, 52.0) and diameter 88.3541189088971
2020-02-24 23:09:30,591 - Training Data - INFO - +++ Decreasing latitude by 1 cell in both directions to (79:89)
2020-02-24 23:09:31,665 - Training Data - INFO - +++ Decreasing latitude by 1 cell in both directions to (80:88)
2020-02-24 23:09:32,988 - Training Data - INFO - +++ Decreasing latitude by 1 cell in both directions to (81:87)
2020-02-24 23:09:34,269 - Training Data - INFO - +++ Decreasing latitude by 1 cell in both directions to (82:86)
2020-02-24 23:09:35,433 - Training Data - INFO - +++ Decreasing latitude by 1 cell in both directions to (83:85)
2020-02-24 23:09:36,715 - Training Data - INFO - +++ Decreasing latitude by 1 cell in both directions to (84:84)
