2020-02-24 16:10:22,542 - Training Data - INFO - loading netcdf
2020-02-24 16:10:23,009 - Training Data - INFO - Creating images for dataset 10-06-2016
2020-02-24 16:10:26,024 - Training Data - INFO - + Creating rectangles for 16 eddies
2020-02-24 16:10:26,024 - Training Data - INFO - +++ Creating rectangles for cyclone with center (-36.833332, 46.666668) and diameter 81.96353735369665
2020-02-24 16:10:26,026 - Training Data - INFO - +++++ Saving image 0 as an eddy
2020-02-24 16:10:26,035 - Training Data - INFO - +++ Creating rectangles for anticyclone with center (-40.75, 46.75) and diameter 57.477219258770674
2020-02-24 16:10:26,046 - Training Data - INFO - +++++ Saving image 1 as an eddy
2020-02-24 16:10:26,050 - Training Data - INFO - +++ Creating rectangles for cyclone with center (-39.583332, 49.083332) and diameter 79.74258288950537
2020-02-24 16:10:26,051 - Training Data - INFO - +++++ Saving image 2 as an eddy
2020-02-24 16:10:26,059 - Training Data - INFO - +++ Creating rectangles for cyclone with center (-40.75, 45.5) and diameter 73.20975642223118
2020-02-24 16:10:26,062 - Training Data - INFO - +++++ Saving image 3 as an eddy
2020-02-24 16:10:26,063 - Training Data - INFO - +++ Creating rectangles for anticyclone with center (-35.416668, 45.333332) and diameter 119.36397274051505
2020-02-24 16:10:26,070 - Training Data - INFO - +++++ Saving image 4 as an eddy
2020-02-24 16:10:26,072 - Training Data - INFO - +++ Creating rectangles for anticyclone with center (-34.25, 49.5) and diameter 58.398830920126564
2020-02-24 16:10:26,073 - Training Data - INFO - +++++ Saving image 5 as an eddy
2020-02-24 16:10:26,081 - Training Data - INFO - +++ Creating rectangles for cyclone with center (-37.5, 49.166668) and diameter 69.76056532562107
2020-02-24 16:10:26,084 - Training Data - INFO - +++++ Saving image 6 as an eddy
2020-02-24 16:10:26,084 - Training Data - INFO - +++ Creating rectangles for cyclone with center (-41.083332, 53.083332) and diameter 45.09698713418107
2020-02-24 16:10:26,093 - Training Data - INFO - +++++ Saving image 7 as an eddy
2020-02-24 16:10:26,095 - Training Data - INFO - +++ Creating rectangles for anticyclone with center (-36.083332, 49.666668) and diameter 42.06617833831838
2020-02-24 16:10:26,096 - Training Data - INFO - +++++ Saving image 8 as an eddy
2020-02-24 16:10:26,103 - Training Data - INFO - +++ Creating rectangles for anticyclone with center (-40.583332, 51.333332) and diameter 48.91487173222649
2020-02-24 16:10:26,106 - Training Data - INFO - +++++ Saving image 9 as an eddy
2020-02-24 16:10:26,106 - Training Data - INFO - +++ Creating rectangles for anticyclone with center (-36.833332, 51.0) and diameter 70.73684032263424
2020-02-24 16:10:26,115 - Training Data - INFO - +++++ Saving image 10 as an eddy
2020-02-24 16:10:26,117 - Training Data - INFO - +++ Creating rectangles for cyclone with center (-32.166668, 51.083332) and diameter 90.82665472928052
2020-02-24 16:10:26,126 - Training Data - INFO - +++++ Saving image 11 as an eddy
2020-02-24 16:10:26,128 - Training Data - INFO - +++ Creating rectangles for cyclone with center (-37.833332, 52.416668) and diameter 83.11357096976877
2020-02-24 16:10:26,129 - Training Data - INFO - +++++ Saving image 12 as an eddy
2020-02-24 16:10:26,135 - Training Data - INFO - +++ Creating rectangles for cyclone with center (-39.5, 46.833332) and diameter 61.20663912640867
2020-02-24 16:10:26,138 - Training Data - INFO - +++++ Saving image 13 as an eddy
2020-02-24 16:10:26,146 - Training Data - INFO - +++ Creating rectangles for anticyclone with center (-42.0, 51.0) and diameter 38.01325755748213
2020-02-24 16:10:26,148 - Training Data - INFO - +++++ Saving image 14 as an eddy
2020-02-24 16:10:26,149 - Training Data - INFO - +++ Creating rectangles for anticyclone with center (-35.0, 51.416668) and diameter 41.32202982053364
2020-02-24 16:10:26,157 - Training Data - INFO - +++++ Saving image 15 as an eddy
2020-02-24 16:10:42,735 - Training Data - INFO - loading netcdf
2020-02-24 16:10:43,204 - Training Data - INFO - Creating images for dataset 04-06-2016
2020-02-24 16:10:45,249 - Training Data - INFO - + Creating rectangles for 16 eddies
2020-02-24 16:10:45,250 - Training Data - INFO - +++ Creating rectangles for cyclone with center (-40.0, 49.666668) and diameter 98.28164533749239
2020-02-24 16:10:45,251 - Training Data - INFO - +++++ Saving image 0 as an eddy
2020-02-24 16:10:45,259 - Training Data - INFO - +++ Creating rectangles for anticyclone with center (-41.75, 51.083332) and diameter 51.770336185559835
2020-02-24 16:10:45,261 - Training Data - INFO - +++++ Saving image 1 as an eddy
2020-02-24 16:10:45,261 - Training Data - INFO - +++ Creating rectangles for anticyclone with center (-35.166668, 51.583332) and diameter 43.59771976958328
2020-02-24 16:10:45,268 - Training Data - INFO - +++++ Saving image 2 as an eddy
2020-02-24 16:10:45,269 - Training Data - INFO - +++ Creating rectangles for cyclone with center (-38.833332, 47.0) and diameter 56.058435387186165
2020-02-24 16:10:45,269 - Training Data - INFO - +++++ Saving image 3 as an eddy
2020-02-24 16:10:45,271 - Training Data - INFO - +++ Creating rectangles for anticyclone with center (-42.0, 48.166668) and diameter 64.39917641946343
2020-02-24 16:10:45,280 - Training Data - INFO - +++++ Saving image 4 as an eddy
2020-02-24 16:10:45,281 - Training Data - INFO - +++ Creating rectangles for anticyclone with center (-33.75, 49.916668) and diameter 56.30416140222557
2020-02-24 16:10:45,282 - Training Data - INFO - +++++ Saving image 5 as an eddy
2020-02-24 16:10:45,289 - Training Data - INFO - +++ Creating rectangles for anticyclone with center (-25.083334, 51.833332) and diameter 51.37992398313509
2020-02-24 16:10:45,290 - Training Data - INFO - +++++ Saving image 6 as an eddy
2020-02-24 16:10:45,292 - Training Data - INFO - +++ Creating rectangles for anticyclone with center (-36.583332, 51.0) and diameter 46.2263564387374
2020-02-24 16:10:45,292 - Training Data - INFO - +++++ Saving image 7 as an eddy
2020-02-24 16:10:45,299 - Training Data - INFO - +++ Creating rectangles for anticyclone with center (-38.583332, 48.083332) and diameter 79.56163734622893
2020-02-24 16:10:45,300 - Training Data - INFO - +++++ Saving image 8 as an eddy
2020-02-24 16:10:45,302 - Training Data - INFO - +++ Creating rectangles for cyclone with center (-41.0, 45.25) and diameter 24.841076383115738
2020-02-24 16:10:45,303 - Training Data - INFO - +++++ Saving image 9 as an eddy
2020-02-24 16:10:45,310 - Training Data - INFO - +++ Creating rectangles for cyclone with center (-35.583332, 46.5) and diameter 76.83759024021211
2020-02-24 16:10:45,312 - Training Data - INFO - +++++ Saving image 10 as an eddy
2020-02-24 16:10:45,319 - Training Data - INFO - +++ Creating rectangles for anticyclone with center (-21.333334, 46.166668) and diameter 80.1685412600943
2020-02-24 16:10:45,319 - Training Data - INFO - +++++ Saving image 11 as an eddy
2020-02-24 16:10:45,321 - Training Data - INFO - +++ Creating rectangles for cyclone with center (-37.833332, 47.166668) and diameter 68.46476927959932
2020-02-24 16:10:45,329 - Training Data - INFO - +++++ Saving image 12 as an eddy
2020-02-24 16:10:45,330 - Training Data - INFO - +++ Creating rectangles for cyclone with center (-41.833332, 52.5) and diameter 38.39015529523153
2020-02-24 16:10:45,331 - Training Data - INFO - +++++ Saving image 13 as an eddy
2020-02-24 16:10:45,338 - Training Data - INFO - +++ Creating rectangles for anticyclone with center (-38.25, 52.0) and diameter 46.43579419005202
2020-02-24 16:10:45,340 - Training Data - INFO - +++++ Saving image 14 as an eddy
2020-02-24 16:10:45,341 - Training Data - INFO - +++ Creating rectangles for cyclone with center (-20.75, 59.75) and diameter 89.14385120710789
2020-02-24 16:10:45,349 - Training Data - INFO - +++++ Saving image 15 as an eddy
